Iteration	Posterior	Likelihood	Prior	rate_log_sd	rate_loss	rate_neo	tree_length
0	-4413.5	-5420.349	1006.849	1.56231	1.801841	0.3760994	5.800375
6	-4432.089	-5438.786	1006.697	1.688823	1.671587	0.4558645	5.778753
12	-4444.967	-5452.021	1007.055	1.65971	1.988866	0.3699143	5.578237
18	-4448.551	-5455.536	1006.985	1.662214	1.560231	0.3699143	5.767228
24	-4449.557	-5455.059	1005.502	1.548457	1.834374	0.3699143	6.536457
30	-4414.084	-5420.378	1006.294	1.616467	1.752745	0.4832908	5.983235
36	-4415.924	-5422.514	1006.59	1.662955	1.752745	0.4832908	5.7963
42	-4422.682	-5429.309	1006.627	1.621125	1.896859	0.4832908	5.749092
48	-4409.738	-5415.411	1005.673	1.625716	1.583368	0.4832908	6.378625
54	-4418.845	-5424.232	1005.387	1.625716	2.04122	0.4887222	6.370763
60	-4436.729	-5442.194	1005.465	1.624833	2.055955	0.4887222	6.324434
66	-4418.559	-5423.72	1005.161	1.505599	2.096142	0.4887222	6.541456
72	-4414.837	-5418.744	1003.907	1.444719	1.744079	0.3948173	7.45562
78	-4429.968	-5435.309	1005.342	1.476856	1.702174	0.3769367	6.700381
84	-4456.957	-5462.426	1005.469	1.633412	1.775798	0.3769367	6.520781
90	-4431.637	-5438.583	1006.946	1.633412	1.666531	0.4093077	5.721496
96	-4438.328	-5444.588	1006.259	1.66937	1.749154	0.5401221	5.924253
102	-4407.828	-5414.16	1006.332	1.66937	1.844917	0.4592789	5.924253
108	-4431.113	-5438.709	1007.596	1.766127	1.588943	0.4592789	5.269919
114	-4400.364	-5408.224	1007.859	1.723366	1.588943	0.4592789	5.148037
120	-4390.761	-5398.271	1007.511	1.6591	2.205171	0.3107223	5.330081
126	-4413.3	-5420.7	1007.4	1.6239	2.486834	0.3107223	5.330081
132	-4415.515	-5422.085	1006.571	1.568101	2.486834	0.3027607	5.826498
138	-4421.343	-5428.148	1006.805	1.598159	2.318848	0.319059	5.708054
144	-4445.887	-5453.203	1007.317	1.671664	2.318848	0.3892499	5.305514
150	-4442.314	-5449.132	1006.818	1.674068	1.727203	0.4711609	5.685718
156	-4425.667	-5432.178	1006.511	1.660615	1.727203	0.4620745	5.870029
162	-4422.686	-5429.99	1007.304	1.676618	1.727203	0.465227	5.422832
168	-4424.578	-5432.132	1007.555	1.701275	2.04778	0.465227	5.162055
174	-4404.011	-5411.187	1007.176	1.706607	1.813392	0.465227	5.44634
180	-4428.06	-5434.355	1006.295	1.657594	1.543506	0.5393498	5.988626
186	-4431.224	-5438.347	1007.123	1.709558	1.557929	0.533378	5.506046
192	-4399.152	-5406.474	1007.322	1.711824	1.509331	0.4351446	5.506046
198	-4398.688	-5405.122	1006.434	1.682506	1.435879	0.5178053	5.960942
204	-4402.343	-5408.998	1006.655	1.612704	1.435879	0.5163955	5.879918
210	-4405.457	-5410.239	1004.781	1.555356	1.435879	0.6014099	6.857288
216	-4407.609	-5412.803	1005.194	1.605996	1.837827	0.5052194	6.537435
222	-4423.649	-5429.159	1005.51	1.577333	1.463281	0.4287247	6.592686
228	-4459.977	-5466.41	1006.433	1.636348	1.447711	0.3562933	6.142749
234	-4436.8	-5442.439	1005.64	1.611353	1.31107	0.4566409	6.540934
240	-4422.907	-5428.417	1005.51	1.560009	1.773614	0.3698877	6.546866
246	-4416.765	-5422.406	1005.641	1.501194	2.468631	0.318766	6.354505
252	-4427.613	-5433.434	1005.821	1.553399	2.034775	0.318766	6.354505
258	-4429.01	-5434.677	1005.666	1.616801	1.527933	0.4739451	6.417222
264	-4411.018	-5416.131	1005.113	1.606261	1.935022	0.4739451	6.577214
270	-4410.318	-5418.221	1007.903	1.721403	1.571312	0.4739451	5.117832
276	-4414.494	-5421.761	1007.267	1.809663	1.701096	0.6007974	5.260747
282	-4425.39	-5433.065	1007.676	1.85699	1.964289	0.5684833	4.942911
288	-4461.087	-5468.371	1007.284	1.847758	1.964289	0.5684833	5.165227
294	-4460.514	-5466.385	1005.871	1.708184	1.611106	0.5684833	6.141647
300	-4443.249	-5450.133	1006.884	1.601732	1.611106	0.4131902	5.789562
306	-4425.961	-5432.228	1006.267	1.58562	1.7782	0.3572419	6.134507
312	-4429.466	-5435.254	1005.787	1.542621	2.621682	0.3507158	6.174361
318	-4414.54	-5419.492	1004.952	1.542621	2.512921	0.3507158	6.655958
324	-4442.438	-5447.429	1004.99	1.542621	2.512921	0.3326354	6.655958
330	-4414.897	-5420.543	1005.646	1.567953	2.037945	0.3326354	6.424141
336	-4423.283	-5428.759	1005.476	1.536952	1.909173	0.3605044	6.542218
342	-4449.079	-5454.575	1005.496	1.590404	1.909173	0.3853144	6.475177
348	-4418.479	-5422.654	1004.174	1.446315	1.909173	0.3853144	7.265685
354	-4437.311	-5441.46	1004.149	1.500858	1.970942	0.4277372	7.186743
360	-4443.705	-5446.937	1003.231	1.439698	2.352196	0.4006916	7.625779
366	-4446.938	-5449.557	1002.619	1.439698	2.352196	0.4006916	7.952897
372	-4477.048	-5478.828	1001.78	1.37926	2.352196	0.3810405	8.452478
378	-4441.68	-5441.932	1000.252	1.333806	1.537246	0.3810405	9.546847
384	-4454.847	-5457.063	1002.216	1.462197	1.923306	0.3748328	8.309993
390	-4479.046	-5482.854	1003.808	1.523914	1.613964	0.3531023	7.5586
396	-4476.052	-5481.378	1005.326	1.470909	2.160281	0.2508794	6.717646
402	-4472.849	-5476.38	1003.531	1.521293	2.160281	0.3298722	7.554154
408	-4469.678	-5474.149	1004.472	1.510678	1.736276	0.3791307	7.136568
414	-4459.398	-5463.487	1004.089	1.512877	1.776476	0.4521831	7.253425
420	-4446.681	-5450.892	1004.211	1.490814	2.063797	0.3208846	7.245943
426	-4442.07	-5445.711	1003.642	1.430595	1.654195	0.4326498	7.5993
432	-4432.318	-5432.682	1000.364	1.393417	1.894345	0.3398734	9.37621
438	-4433.422	-5434.292	1000.87	1.295372	1.895763	0.3398734	9.159783
444	-4440.538	-5442.081	1001.543	1.314755	2.088194	0.331819	8.742493
450	-4449.989	-5450.73	1000.74	1.261109	1.986078	0.3122486	9.250301
456	-4424.782	-5426.313	1001.531	1.270064	1.986078	0.3122486	8.826837
462	-4420.162	-5421.094	1000.932	1.276037	2.081511	0.3122486	9.111567
468	-4423.857	-5426.889	1003.032	1.359921	2.081511	0.3140302	7.949525
474	-4447.871	-5450.579	1002.708	1.430043	2.079646	0.3140302	8.085651
480	-4434.297	-5437.076	1002.779	1.32907	2.258781	0.2847148	8.085651
486	-4447.096	-5450.212	1003.115	1.39583	2.581522	0.3272527	7.731144
492	-4439.536	-5442.376	1002.84	1.326535	1.895237	0.3272527	8.112437
498	-4433.324	-5437.183	1003.859	1.437246	1.677425	0.3854026	7.51919
504	-4431.607	-5435.982	1004.375	1.437246	1.826777	0.3854026	7.189921
510	-4434.056	-5437.55	1003.494	1.437246	1.924746	0.364544	7.65235
516	-4442.193	-5445.287	1003.094	1.458039	1.552739	0.364544	7.985383
522	-4429.017	-5431.85	1002.833	1.404681	1.552739	0.3502329	8.169046
528	-4428.996	-5431.959	1002.963	1.43928	2.239524	0.4021442	7.799651
534	-4444.451	-5448.786	1004.335	1.490362	2.216856	0.4206336	7.024167
540	-4454.065	-5459.91	1005.845	1.564659	2.216856	0.4311405	6.156837
546	-4453.436	-5457.388	1003.952	1.4789	2.216856	0.4311405	7.226083
552	-4444.118	-5447.124	1003.006	1.490099	1.451296	0.4248567	7.992482
558	-4457.257	-5460.315	1003.058	1.416092	1.480741	0.4248567	7.992482
564	-4424.072	-5427.478	1003.405	1.457525	1.936786	0.4248567	7.622378
570	-4465.971	-5472.558	1006.587	1.700757	1.886669	0.4764648	5.737157
576	-4465.197	-5473.065	1007.868	1.775508	1.358777	0.4898847	5.180093
582	-4464.653	-5472.295	1007.642	1.793419	1.981374	0.4362716	5.112816
588	-4453.714	-5460.972	1007.258	1.721329	1.425685	0.4362716	5.569332
594	-4464.745	-5465.589	1000.843	1.280692	1.80968	0.2951213	9.263507
600	-4472.989	-5476.722	1003.733	1.331162	1.80968	0.2951213	7.701206
606	-4444.38	-5447.762	1003.381	1.393813	1.80968	0.3815491	7.755647
612	-4433.97	-5437.085	1003.115	1.471832	1.769529	0.3833553	7.86795
618	-4447.295	-5449.915	1002.62	1.427144	1.810689	0.3833553	8.141826
624	-4453.98	-5456.095	1002.115	1.416591	2.161334	0.4188756	8.269648
630	-4444.117	-5448.27	1004.153	1.436302	2.10545	0.3089284	7.307853
636	-4454.6	-5457.915	1003.315	1.479222	1.807157	0.4271452	7.69947
642	-4466.363	-5469.176	1002.812	1.426462	1.474365	0.4932936	8.056438
648	-4446.994	-5451.197	1004.202	1.381532	1.796279	0.3470293	7.365166
654	-4447.509	-5451.495	1003.985	1.475786	1.796279	0.322499	7.459638
660	-4416.449	-5420.725	1004.276	1.454624	2.004287	0.2994659	7.274912
666	-4412.986	-5416.913	1003.927	1.434841	2.004287	0.3091326	7.460739
672	-4435.529	-5441.903	1006.374	1.523546	2.197298	0.3091326	6.031982
678	-4435.522	-5440.31	1004.789	1.561911	2.347737	0.2815988	6.862662
684	-4466.993	-5474.643	1007.65	1.698799	1.624518	0.4049864	5.318885
690	-4461.612	-5468.014	1006.403	1.611156	1.661346	0.3853834	6.057578
696	-4443.214	-5447.488	1004.274	1.490898	2.310687	0.3853834	7.066677
702	-4433.666	-5439.045	1005.379	1.506812	1.933676	0.4027432	6.55717
708	-4418.901	-5424.991	1006.09	1.531113	1.933676	0.3345845	6.233783
714	-4441.09	-5445.669	1004.579	1.505179	2.335513	0.3209199	6.960618
720	-4464.926	-5468.489	1003.563	1.516109	2.263094	0.3626871	7.472723
726	-4445.774	-5450.502	1004.728	1.555784	2.263094	0.3626871	6.825187
732	-4422.014	-5425.592	1003.578	1.580173	1.515747	0.5593651	7.492556
738	-4428.239	-5433.338	1005.099	1.57936	1.687252	0.4466227	6.710231
744	-4442.05	-5445.395	1003.345	1.446705	1.789813	0.4466227	7.688085
750	-4437.517	-5442.353	1004.836	1.532041	1.789813	0.4466227	6.841547
756	-4426.863	-5432.047	1005.184	1.553983	1.364625	0.4093312	6.841547
762	-4446.138	-5452.174	1006.036	1.693492	1.916943	0.525447	5.988284
768	-4433.183	-5439.396	1006.213	1.629805	1.539655	0.525447	6.061874
774	-4446.375	-5452.773	1006.398	1.591345	1.787771	0.3991371	6.010897
780	-4460.084	-5465.972	1005.888	1.615674	1.885635	0.4904816	6.152718
786	-4437.203	-5443.34	1006.138	1.615674	1.547611	0.4904816	6.138759
792	-4462.233	-5469.908	1007.675	1.70029	1.547611	0.5470905	5.199125
798	-4446.709	-5453.012	1006.303	1.630966	1.54184	0.4832284	6.049459
804	-4448.644	-5454.957	1006.313	1.630966	1.526804	0.4832284	6.049459
810	-4473.673	-5471.329	997.656	1.368699	1.697678	0.291259	10.93714
816	-4459.507	-5460.832	1001.325	1.471311	1.387666	0.291259	9.069408
822	-4429.076	-5430.967	1001.892	1.373695	1.952508	0.3557752	8.541102
828	-4409.948	-5412.358	1002.411	1.415897	1.952365	0.3606655	8.23738
834	-4422.055	-5424.002	1001.947	1.488268	1.952365	0.55178	8.265061
840	-4416.087	-5417.677	1001.59	1.420988	1.801263	0.4806356	8.601438
846	-4452.24	-5455.458	1003.217	1.3885	2.256579	0.4806356	7.610183
852	-4423.191	-5425.861	1002.67	1.384142	2.056372	0.3767464	8.066464
858	-4414.615	-5415.764	1001.149	1.372819	2.35356	0.3767464	8.794821
864	-4399.461	-5398.57	999.1099	1.344115	1.891888	0.3767464	10.02372
870	-4427.418	-5427.334	999.9165	1.424297	1.891888	0.3605317	9.573864
876	-4420.012	-5422.764	1002.752	1.444504	1.891888	0.4090944	8.008892
882	-4433.909	-5435.006	1001.097	1.396887	1.891888	0.4090944	8.913529
888	-4443.56	-5444.33	1000.77	1.335008	1.736088	0.4090944	9.171608
894	-4483.36	-5483.805	1000.444	1.328851	1.454895	0.4998899	9.366163
900	-4431.096	-5433.191	1002.095	1.460155	1.454895	0.4986527	8.423412
906	-4418.018	-5421.688	1003.67	1.512627	1.507942	0.4099476	7.618101
912	-4428.006	-5432.526	1004.52	1.605417	1.507942	0.5865179	6.953651
918	-4421.831	-5427.643	1005.812	1.614914	1.507942	0.5634297	6.268711
924	-4423.4	-5429.435	1006.036	1.623042	1.286123	0.448576	6.338831
930	-4441.927	-5445.975	1004.048	1.56709	2.044588	0.3596022	7.253352
936	-4424.747	-5426.647	1001.9	1.411554	2.044588	0.3596022	8.48337
942	-4411.02	-5413.069	1002.049	1.359486	2.044588	0.3148337	8.48337
948	-4444.996	-5446.606	1001.61	1.349435	2.044588	0.3148337	8.721819
954	-4461.833	-5465.033	1003.2	1.389008	2.12841	0.3630423	7.773685
960	-4387.088	-5391.657	1004.569	1.41732	1.79851	0.4924237	7.001733
966	-4403.705	-5408.573	1004.868	1.511385	1.79851	0.4405084	6.838138
972	-4427.939	-5431.878	1003.938	1.547833	1.800794	0.3912841	7.367765
978	-4415.595	-5421.734	1006.14	1.547833	1.800794	0.3912841	6.178965
984	-4412.449	-5420.102	1007.653	1.664143	1.541995	0.4218981	5.35075
990	-4442.673	-5450.308	1007.635	1.733789	1.541995	0.4461852	5.297518
996	-4427.92	-5435.408	1007.488	1.69468	1.818364	0.4461852	5.297518
1002	-4423.402	-5429.147	1005.745	1.662056	1.580676	0.5562683	6.257101
1008	-4422.216	-5427.234	1005.019	1.509461	1.690224	0.4494136	6.787555
1014	-4454.905	-5460.952	1006.047	1.572121	1.690224	0.4550622	6.19115
1020	-4440.728	-5445.803	1005.075	1.604215	2.029298	0.4550622	6.586531
1026	-4438.104	-5444.478	1006.373	1.633434	2.029298	0.4550622	5.864688
1032	-4412.266	-5418.77	1006.503	1.67028	1.770351	0.5345144	5.787553
1038	-4443.936	-5451.345	1007.409	1.67028	1.770351	0.5114031	5.310528
1044	-4412.396	-5417.638	1005.242	1.617853	2.080728	0.5114031	6.420794
1050	-4386.299	-5393.382	1007.083	1.626467	2.22259	0.4034779	5.4722
1056	-4413.971	-5421.132	1007.161	1.628032	2.530196	0.2928885	5.470619
1062	-4428.811	-5434.635	1005.824	1.628032	1.833795	0.5070445	6.183106
1068	-4421.373	-5425.217	1003.844	1.385962	1.833795	0.3389933	7.551197
1074	-4440.582	-5441.347	1000.765	1.342539	1.453556	0.3378522	9.350886
1080	-4457.746	-5462.202	1004.456	1.461031	1.376425	0.4471809	7.240869
1086	-4438.346	-5441.744	1003.398	1.425498	1.830112	0.4490423	7.655128
1092	-4418.096	-5421.47	1003.373	1.483319	1.806383	0.4490423	7.645363
1098	-4442.891	-5448.126	1005.235	1.546085	1.806383	0.4055832	6.653748
1104	-4425.118	-5430.141	1005.023	1.579225	1.806383	0.4055832	6.750523
1110	-4430.818	-5435.641	1004.823	1.579789	1.794209	0.3595638	6.911644
1116	-4440.772	-5445.497	1004.726	1.579789	1.385141	0.5805828	6.911644
1122	-4450.381	-5453.933	1003.552	1.551645	1.447122	0.5805828	7.53158
1128	-4455.233	-5459.08	1003.847	1.502797	1.299599	0.5258186	7.507006
1134	-4440.646	-5445.48	1004.834	1.572939	1.299599	0.5258186	6.939526
1140	-4419.271	-5424.27	1005	1.482152	1.299599	0.48015	6.939526
1146	-4431.208	-5433.885	1002.677	1.438643	1.719133	0.4468681	8.07334
1152	-4407.238	-5411.431	1004.193	1.50121	1.355542	0.6091225	7.230593
1158	-4423.799	-5427.165	1003.365	1.497209	1.355542	0.4257018	7.835513
1164	-4444.4	-5446.34	1001.94	1.326307	1.410177	0.3971502	8.691108
1170	-4426.558	-5428.105	1001.547	1.43725	1.952541	0.3971502	8.645997
1176	-4448.367	-5454.613	1006.246	1.569634	1.837742	0.3971502	6.090331
1182	-4440.596	-5447.473	1006.877	1.614393	1.856522	0.4119487	5.699571
1188	-4429.407	-5436.301	1006.894	1.665365	1.379276	0.561583	5.70515
1194	-4423.366	-5431.244	1007.877	1.840435	1.351179	0.5255215	5.110386
1200	-4408.241	-5415.782	1007.541	1.776128	1.776921	0.4433666	5.240909
1206	-4408.619	-5417.661	1009.043	1.844806	1.397503	0.4496109	4.508474
1212	-4418.879	-5427.623	1008.744	1.830001	1.739192	0.4978026	4.501453
1218	-4415.964	-5424.438	1008.475	1.799885	1.444942	0.4978026	4.785292
1224	-4435.202	-5443.676	1008.475	1.799885	1.444942	0.4978026	4.785292
1230	-4428.189	-5436.366	1008.177	1.813226	1.942887	0.4978026	4.757236
1236	-4414.089	-5421.998	1007.909	1.7288	1.942887	0.4384446	5.010804
1242	-4445.486	-5453.284	1007.797	1.675464	1.464851	0.4384446	5.279146
1248	-4439.33	-5444.991	1005.661	1.580983	2.013826	0.4762857	6.266373
1254	-4434.753	-5441.021	1006.267	1.580983	2.157741	0.4083047	5.958282
1260	-4431.473	-5436.947	1005.474	1.598518	1.982481	0.4559017	6.387766
1266	-4441.834	-5448.029	1006.195	1.614421	1.982481	0.4830298	5.961176
1272	-4428.074	-5433.701	1005.626	1.56015	2.146612	0.4830298	6.249126
1278	-4432.551	-5438.321	1005.77	1.576203	1.841029	0.4407271	6.300377
1284	-4445.666	-5451.808	1006.143	1.557458	1.841029	0.4407271	6.107743
1290	-4467.885	-5472.249	1004.364	1.546491	1.313057	0.4928473	7.229139
1296	-4449.92	-5453.984	1004.064	1.494712	1.804903	0.4928473	7.229139
1302	-4446.166	-5453.251	1007.084	1.649128	1.806995	0.4928473	5.504792
1308	-4422.215	-5427.252	1005.037	1.609578	2.659741	0.4928473	6.391455
1314	-4404.552	-5410.456	1005.905	1.58089	2.228026	0.4281273	6.115
1320	-4419.952	-5426.533	1006.581	1.617135	2.08644	0.3429955	5.861142
1326	-4430.363	-5437.056	1006.692	1.518837	2.983152	0.2579339	5.721996
1332	-4444.472	-5450.479	1006.007	1.508956	2.212466	0.2741378	6.280367
1338	-4421.837	-5428.983	1007.145	1.621969	2.223147	0.3468151	5.503008
1344	-4437.295	-5439.868	1002.574	1.477114	1.663101	0.3501333	8.227588
1350	-4435.199	-5439.873	1004.675	1.501261	1.959084	0.3645603	6.973257
1356	-4409.927	-5413.947	1004.02	1.500355	1.959084	0.49943	7.19273
1362	-4417.122	-5422.349	1005.227	1.521702	2.04151	0.3461421	6.659172
1368	-4442.864	-5448.561	1005.696	1.550021	2.538733	0.3045757	6.296635
1374	-4430.372	-5436.06	1005.688	1.476719	2.71205	0.3045757	6.296635
1380	-4436.039	-5441.69	1005.651	1.513307	2.71205	0.3045757	6.296635
1386	-4420.064	-5425.331	1005.267	1.432083	2.526375	0.3103357	6.589563
1392	-4434.776	-5439.472	1004.695	1.484485	2.409138	0.2698312	6.953366
1398	-4425.243	-5428.893	1003.65	1.484485	2.6371	0.2698312	7.45529
1404	-4415.403	-5418.547	1003.144	1.438575	2.12685	0.3194769	7.827629
1410	-4426.833	-5430.968	1004.135	1.513547	2.160229	0.34083	7.221888
1416	-4449.482	-5453.528	1004.046	1.503067	1.666468	0.3201086	7.461194
1422	-4447.193	-5451.556	1004.363	1.503067	1.615233	0.4232714	7.197227
1428	-4435.754	-5440.795	1005.041	1.561738	2.336725	0.3571186	6.637915
1434	-4450.849	-5457.498	1006.65	1.679291	2.336725	0.3086113	5.756516
1440	-4445.139	-5451.268	1006.128	1.561552	1.792515	0.3086113	6.275598
1446	-4441.561	-5447.441	1005.88	1.568469	1.73843	0.4456065	6.275598
1452	-4434.049	-5440.101	1006.052	1.576922	2.135	0.345124	6.153829
1458	-4450.102	-5456.738	1006.635	1.671573	2.135	0.345124	5.784055
1464	-4457.914	-5464.141	1006.228	1.643785	2.287237	0.3426566	5.979731
1470	-4431.597	-5438.31	1006.713	1.660309	1.561267	0.464143	5.819734
1476	-4427.152	-5433.668	1006.516	1.631348	2.076072	0.4083255	5.819734
1482	-4429.841	-5435.833	1005.991	1.612371	2.177014	0.4083255	6.085886
1488	-4418.214	-5424.678	1006.465	1.637194	2.177014	0.3452829	5.883305
1494	-4432.36	-5438.71	1006.35	1.537815	2.345887	0.3421561	5.954606
1500	-4403.189	-5409.364	1006.176	1.648552	1.946131	0.4543686	5.991902
1506	-4394.667	-5401.459	1006.792	1.638207	2.131999	0.3927838	5.663943
1512	-4425.308	-5432.502	1007.194	1.628115	2.494681	0.3548812	5.386515
1518	-4431.099	-5437.553	1006.454	1.664543	1.864221	0.4224398	5.889903
1524	-4426.782	-5433.268	1006.486	1.558646	1.961203	0.273655	6.071145
1530	-4439.232	-5445.005	1005.773	1.562337	2.6055	0.3081558	6.226666
1536	-4429.433	-5435.265	1005.832	1.553114	2.457183	0.3720003	6.164248
1542	-4438.547	-5444.11	1005.563	1.575869	2.494426	0.3282006	6.338177
1548	-4438.374	-5444.133	1005.759	1.527382	2.427596	0.3282006	6.276041
1554	-4443.124	-5448.206	1005.081	1.487514	2.427596	0.3557798	6.632857
1560	-4438.571	-5443.16	1004.589	1.517036	2.146087	0.4351167	6.87958
1566	-4429.732	-5433.986	1004.254	1.461932	1.976195	0.4351167	7.142211
1572	-4438.417	-5443.95	1005.533	1.578811	1.976195	0.4351167	6.388201
1578	-4446.674	-5451.985	1005.31	1.535892	1.976195	0.4351167	6.5324
1584	-4428.934	-5434.039	1005.105	1.578158	2.033881	0.4351167	6.602558
1590	-4448.866	-5454.052	1005.186	1.568178	2.033881	0.4934637	6.508919
1596	-4460.796	-5466.001	1005.205	1.613481	1.925762	0.4934637	6.508919
1602	-4413.355	-5419.386	1006.031	1.613481	2.234204	0.4933716	5.964492
1608	-4435.53	-5442.348	1006.818	1.636181	2.444891	0.364856	5.590994
1614	-4437.403	-5444.204	1006.802	1.644218	2.451122	0.3674543	5.590994
1620	-4430.029	-5437.29	1007.261	1.751217	1.767547	0.3716185	5.487717
1626	-4436.848	-5444.385	1007.538	1.665591	2.379791	0.3081414	5.264194
1632	-4427.777	-5435.647	1007.87	1.697148	3.049098	0.3081414	4.891041
1638	-4437.698	-5445.929	1008.232	1.772671	2.182905	0.360642	4.814012
1644	-4418.671	-5425.599	1006.927	1.593875	2.383031	0.360642	5.576106
1650	-4440.364	-5446.803	1006.44	1.574416	2.383031	0.360642	5.854095
1656	-4433.354	-5437.655	1004.301	1.386403	2.513338	0.2964227	7.155942
1662	-4410.825	-5411.135	1000.31	1.362621	2.513338	0.3100397	9.277261
1668	-4413.833	-5414.185	1000.352	1.353042	2.385367	0.3240375	9.277261
1674	-4415.72	-5421.225	1005.505	1.608128	2.098041	0.3240375	6.470187
1680	-4438.551	-5443.565	1005.014	1.501803	2.269473	0.3414581	6.721938
1686	-4403.895	-5410.061	1006.166	1.53541	2.31424	0.3414581	6.066009
1692	-4412.393	-5418.882	1006.489	1.563186	2.23331	0.3314561	5.910131
1698	-4422.285	-5428.621	1006.336	1.592317	2.23331	0.3368504	5.971332
1704	-4396.178	-5403.39	1007.212	1.600479	2.587387	0.2480697	5.504044
1710	-4428.506	-5435.73	1007.224	1.637829	2.908173	0.2480697	5.396622
1716	-4428.941	-5435.576	1006.635	1.679924	2.419872	0.4026695	5.633378
1722	-4469.393	-5475.087	1005.694	1.56806	1.618334	0.3461647	6.525777
1728	-4477.344	-5480.6	1003.256	1.433681	2.263642	0.3461647	7.699334
1734	-4471.947	-5475.71	1003.762	1.480161	1.929071	0.2964043	7.564406
1740	-4434.994	-5441.666	1006.672	1.613706	1.872553	0.4256892	5.792574
1746	-4428.5	-5434.797	1006.298	1.601061	1.872553	0.4256892	6.00399
1752	-4410.35	-5416.1	1005.75	1.572635	1.710733	0.5444836	6.264379
1758	-4439.45	-5443.992	1004.542	1.597367	1.682537	0.5330441	6.924725
1764	-4420.822	-5427.938	1007.117	1.721866	1.844849	0.4730895	5.452229
1770	-4429.956	-5437.432	1007.476	1.69675	1.817861	0.4730895	5.277149
1776	-4433.371	-5437.467	1004.096	1.711729	2.110718	0.7957192	6.768826
1782	-4478.116	-5480.271	1002.155	1.459143	1.434074	0.5784741	8.3336
1788	-4482.3	-5484.573	1002.274	1.459143	1.434074	0.5027498	8.3336
1794	-4413.769	-5418.094	1004.325	1.686878	2.022315	0.7570465	6.710937
1800	-4438.826	-5445.811	1006.985	1.643576	1.908312	0.5043078	5.51724
1806	-4427.644	-5432.301	1004.657	1.640942	1.636916	0.4217173	6.958166
1812	-4441.245	-5448.787	1007.541	1.799144	1.636916	0.5679752	5.165928
1818	-4417.074	-5424.642	1007.567	1.791243	1.636916	0.5679752	5.155858
1824	-4438.84	-5446.7	1007.86	1.74345	1.636916	0.4131136	5.164872
1830	-4422.13	-5429.487	1007.357	1.696546	1.716702	0.4597265	5.391915
1836	-4427.671	-5434.235	1006.565	1.672555	1.716702	0.4597265	5.839951
1842	-4429.15	-5435.787	1006.637	1.610145	1.485011	0.3365517	6.053746
1848	-4422.008	-5426.598	1004.59	1.472193	1.694574	0.3365517	7.155781
1854	-4419.855	-5422.883	1003.028	1.322115	1.925418	0.3304181	8.001252
1860	-4419.452	-5421.8	1002.349	1.455161	1.925418	0.4891603	8.130963
1866	-4424.081	-5425.752	1001.671	1.396535	2.102199	0.3705016	8.583868
1872	-4389.566	-5392.588	1003.022	1.406374	1.713421	0.3880642	7.967295
1878	-4414.15	-5416.813	1002.662	1.366864	1.823009	0.4050813	8.124747
1884	-4419.784	-5420.807	1001.024	1.356528	1.795186	0.3256043	9.096181
1890	-4415.38	-5418.56	1003.18	1.461298	2.860049	0.2318215	7.717892
1896	-4407.814	-5410.625	1002.811	1.487756	2.860049	0.2539998	7.869347
1902	-4408.245	-5410.787	1002.542	1.395825	2.944055	0.2430117	8.057886
1908	-4435.941	-5439.993	1004.052	1.5409	2.203335	0.2137449	7.407122
1914	-4416.187	-5421.509	1005.322	1.582337	2.606596	0.2885622	6.484974
1920	-4435.288	-5439.444	1004.157	1.460976	2.606596	0.2312908	7.257716
1926	-4447.999	-5452.302	1004.303	1.465711	2.762854	0.3013668	7.042425
1932	-4415.662	-5418.052	1002.39	1.44966	2.552008	0.2809094	8.154191
1938	-4432.191	-5435.088	1002.897	1.454105	2.471993	0.2809094	7.902386
1944	-4407.585	-5409.384	1001.798	1.367033	2.471993	0.3121192	8.494649
1950	-4434.301	-5438.578	1004.277	1.519573	1.883879	0.3855094	7.179192
1956	-4430.938	-5434.708	1003.769	1.523894	2.902619	0.2966594	7.270698
1962	-4409.797	-5413.908	1004.111	1.41343	3.054098	0.2417821	7.185353
1968	-4461.402	-5465.865	1004.464	1.422037	3.054098	0.2417821	6.991037
1974	-4441.401	-5445.464	1004.062	1.484799	3.054098	0.2477713	7.164808
1980	-4437.211	-5441.499	1004.288	1.440544	3.531286	0.1688946	7.090017
1986	-4420.843	-5424.067	1003.224	1.453586	2.613093	0.1963374	7.813518
1992	-4416.634	-5419.896	1003.262	1.415652	2.613093	0.1963374	7.813518
1998	-4420.256	-5423.274	1003.018	1.461767	2.730031	0.1963374	7.88987
2004	-4411.316	-5416.157	1004.842	1.59257	2.323069	0.3766586	6.711324
2010	-4418.51	-5422.231	1003.721	1.491508	2.483503	0.2579441	7.469121
2016	-4416.382	-5420.124	1003.743	1.491508	2.483503	0.2496467	7.469121
2022	-4407.46	-5411.093	1003.633	1.526227	2.483503	0.2700452	7.481572
2028	-4418.561	-5423.899	1005.338	1.618798	2.669549	0.2946939	6.432338
2034	-4416.879	-5421.05	1004.171	1.469745	2.669549	0.260595	7.187879
2040	-4413.154	-5418.556	1005.402	1.44921	2.752253	0.3156492	6.442802
2046	-4420.815	-5424.967	1004.151	1.588686	1.953115	0.3156492	7.266183
2052	-4451.812	-5455.859	1004.048	1.546231	1.953115	0.3201377	7.339092
2058	-4428.834	-5432.227	1003.394	1.436446	1.506794	0.3533628	7.867094
2064	-4435.582	-5438.817	1003.235	1.493417	1.541303	0.3725682	7.887051
2070	-4441.812	-5448.16	1006.348	1.611763	1.992248	0.3768632	5.982699
2076	-4428.694	-5435.588	1006.894	1.619449	1.734751	0.3768632	5.767158
2082	-4423.31	-5431.053	1007.743	1.736697	2.090329	0.3768632	5.115959
2088	-4420.8	-5428.05	1007.25	1.676478	2.090329	0.4639716	5.331936
2094	-4413.598	-5421.268	1007.67	1.734206	2.090329	0.3927786	5.140422
2100	-4421.867	-5429.701	1007.834	1.734206	1.936648	0.4003215	5.091288
2106	-4421.379	-5429.208	1007.83	1.762106	2.055784	0.4632222	4.975258
2112	-4419.823	-5427.3	1007.477	1.869305	2.055784	0.6901171	4.921491
2118	-4412.634	-5419.546	1006.912	1.789026	1.544405	0.6901171	5.459952
2124	-4412.655	-5419.95	1007.295	1.730468	1.808005	0.5097229	5.328196
2130	-4457.143	-5464.355	1007.211	1.765425	1.808005	0.6326638	5.252727
2136	-4423.441	-5430.473	1007.032	1.742412	1.954528	0.5615703	5.371917
2142	-4434.967	-5441.95	1006.983	1.727189	1.954528	0.4905277	5.469464
2148	-4430.639	-5438.838	1008.199	1.75648	1.577151	0.533308	4.877031
2154	-4430.34	-5437.739	1007.4	1.71629	1.551691	0.533308	5.35263
2160	-4438.703	-5445.023	1006.32	1.667603	2.083253	0.533308	5.786847
2166	-4418.906	-5425.514	1006.608	1.631312	1.400551	0.4398908	5.981602
2172	-4397.076	-5405.116	1008.04	1.718796	2.105657	0.4398908	4.88934
2178	-4397.07	-5404.686	1007.616	1.727463	2.105657	0.447928	5.112283
2184	-4392.752	-5399.686	1006.934	1.656139	1.535797	0.4528157	5.721688
2190	-4418.274	-5424.984	1006.71	1.613737	1.941848	0.4528157	5.721688
2196	-4418.752	-5423.766	1005.014	1.572371	1.634419	0.4528157	6.773631
2202	-4426.271	-5432.18	1005.909	1.586476	1.791063	0.4477561	6.22951
2208	-4424.242	-5430.641	1006.399	1.624785	1.724289	0.428254	5.984537
2214	-4477.04	-5483.87	1006.83	1.624785	1.580892	0.5112026	5.724091
2220	-4438.252	-5443.953	1005.7	1.592383	1.773817	0.5112026	6.287072
2226	-4432.211	-5437.735	1005.524	1.636788	1.773817	0.5970837	6.287072
2232	-4424.877	-5429.836	1004.959	1.619541	1.370145	0.5587414	6.788469
2238	-4423.985	-5429.887	1005.902	1.570525	1.346092	0.4484359	6.413343
2244	-4420.97	-5425.487	1004.517	1.634252	1.826654	0.5343036	6.866469
2250	-4421.61	-5425.826	1004.216	1.493492	1.826654	0.3955517	7.234695
2256	-4419.537	-5424.456	1004.919	1.557571	1.894742	0.5001704	6.697779
2262	-4403.995	-5409.87	1005.875	1.692017	1.56257	0.5619933	6.172102
2268	-4431.042	-5437.021	1005.979	1.653346	1.765891	0.4325371	6.17902
2274	-4434.366	-5441.632	1007.266	1.697724	2.038289	0.3769395	5.417376
2280	-4409.471	-5416.581	1007.11	1.697724	2.038289	0.427811	5.44944
2286	-4411.844	-5417.307	1005.463	1.644394	1.854417	0.5794258	6.302466
2292	-4399.813	-5405.9	1006.087	1.575939	1.854417	0.4289333	6.135466
2298	-4394.936	-5401.403	1006.467	1.575939	1.854417	0.4208407	5.936195
2304	-4400.279	-5404.983	1004.704	1.444026	2.332288	0.3383267	6.906158
2310	-4425.311	-5431.693	1006.382	1.536961	2.332288	0.3262284	5.960217
2316	-4385.239	-5389.737	1004.499	1.494924	2.332288	0.3343357	6.994128
2322	-4394.321	-5399.288	1004.967	1.491321	1.813252	0.3477041	6.888603
2328	-4432.759	-5437.725	1004.966	1.514804	1.813252	0.3477041	6.876181
2334	-4407.828	-5411.637	1003.809	1.470945	2.147573	0.3779606	7.381902
2340	-4414.542	-5418.75	1004.208	1.570024	1.467723	0.4427264	7.282558
2346	-4414.739	-5421.88	1007.141	1.67207	1.595577	0.4525922	5.576477
2352	-4432.123	-5439.19	1007.067	1.701897	1.65976	0.4525922	5.576477
2358	-4421.112	-5428.362	1007.249	1.688049	1.366697	0.4789756	5.576477
2364	-4422.706	-5430.215	1007.509	1.704047	1.587199	0.45297	5.359457
2370	-4427.1	-5434.813	1007.712	1.714756	2.073797	0.4063919	5.118387
2376	-4441.182	-5449.749	1008.567	1.829433	2.474195	0.45782	4.405487
2382	-4447.785	-5456.322	1008.538	1.898584	1.833869	0.520677	4.524007
2388	-4446.37	-5455.639	1009.269	1.900981	1.833869	0.5763891	4.059813
2394	-4432.917	-5441.898	1008.981	1.9322	1.852333	0.5390185	4.231528
2400	-4436.275	-5445.129	1008.854	1.811371	1.290205	0.4532578	4.677546
2406	-4433.31	-5441.688	1008.378	1.811371	1.218394	0.5285952	4.906446
2412	-4410.624	-5418.369	1007.744	1.764449	1.826952	0.4591077	5.101648
2418	-4422.41	-5429.452	1007.042	1.80989	1.826952	0.6493157	5.302242
2424	-4404.04	-5411.279	1007.239	1.80989	1.840992	0.6328934	5.200852
2430	-4422.058	-5429.424	1007.366	1.752652	1.840992	0.5847302	5.200852
2436	-4420.73	-5428.283	1007.553	1.752099	1.840992	0.4682628	5.200852
2442	-4415.365	-5424.185	1008.82	1.801992	1.840992	0.499203	4.436641
2448	-4443.2	-5452.247	1009.047	1.925165	1.933001	0.4656864	4.23889
2454	-4436.812	-5445.534	1008.723	1.836174	1.933001	0.4656864	4.472414
2460	-4443.209	-5451.564	1008.355	1.790984	1.895754	0.5299031	4.656891
2466	-4444.793	-5452.947	1008.154	1.798248	1.895754	0.4982155	4.794094
2472	-4415.337	-5423.085	1007.749	1.79095	2.002317	0.4453353	5.038849
2478	-4441.662	-5450.007	1008.344	1.789533	1.541434	0.4816218	4.839215
2484	-4408.534	-5415.81	1007.276	1.667714	1.541434	0.4816218	5.498041
2490	-4408.214	-5415.853	1007.64	1.756493	1.541434	0.4953764	5.235828
2496	-4439.054	-5447.477	1008.423	1.841476	1.475414	0.4953764	4.780407
2502	-4432.696	-5441.35	1008.654	1.894208	2.012248	0.507088	4.412323
2508	-4437.536	-5446.613	1009.078	1.890226	2.012248	0.4698064	4.21057
2514	-4424.125	-5433.461	1009.336	1.926566	2.012248	0.4810601	4.031954
2520	-4435.303	-5444.842	1009.539	1.936187	1.554765	0.5633262	4.00329
2526	-4438.632	-5448.11	1009.478	1.825648	1.851036	0.3918401	4.156547
2532	-4424.714	-5434	1009.286	1.896303	1.782011	0.4824838	4.156547
2538	-4430.158	-5438.696	1008.539	1.913349	1.717681	0.56634	4.517173
2544	-4443.446	-5451.957	1008.511	1.97752	1.717681	0.5426915	4.517173
2550	-4461.024	-5470.156	1009.132	2.013123	2.092888	0.5426915	4.015443
2556	-4424.643	-5433.244	1008.602	1.91935	2.092888	0.5124981	4.396807
2562	-4414.511	-5423.417	1008.907	1.914511	1.597437	0.5124981	4.402877
2568	-4437.684	-5446.309	1008.625	1.89538	2.456307	0.5124981	4.288208
2574	-4443.618	-5453.143	1009.524	1.896377	2.113362	0.438823	3.950903
2580	-4434.417	-5443.334	1008.917	1.901959	2.113362	0.4289046	4.303664
2586	-4428.603	-5437.487	1008.884	1.862791	2.113362	0.4317818	4.341357
2592	-4424.334	-5432.989	1008.655	1.845741	2.049279	0.4317818	4.500302
2598	-4440.834	-5449.828	1008.994	1.845741	1.599903	0.4796101	4.42242
2604	-4439.205	-5448.226	1009.021	1.930372	1.35378	0.6001748	4.355697
2610	-4455.919	-5463.732	1007.813	1.936502	1.763034	0.6956052	4.792363
2616	-4453.229	-5460.911	1007.682	1.936502	1.763034	0.6956052	4.865472
2622	-4441.918	-5450.314	1008.396	1.975185	1.894549	0.6813996	4.407423
2628	-4456.304	-5464.599	1008.294	1.783362	2.094716	0.4033676	4.752973
2634	-4442.765	-5451.421	1008.656	1.781463	1.929274	0.4464618	4.560968
2640	-4452.815	-5461.772	1008.957	1.947211	1.929274	0.531718	4.216703
2646	-4455.721	-5464.141	1008.42	1.952447	1.929274	0.531718	4.51699
2652	-4448.85	-5457.013	1008.163	1.864122	2.00682	0.5365025	4.680603
2604	-4519.764	-5524.541	1004.776	1.536758	1.703746	0.3851331	6.963709
2610	-4459.28	-5464.084	1004.804	1.509221	1.703746	0.3851331	6.963709
2616	-4465.843	-5470.464	1004.621	1.510528	1.772852	0.4653345	6.95716
2622	-4471.436	-5477.68	1006.244	1.680047	1.566031	0.5370792	5.997057
2628	-4447.022	-5452.051	1005.028	1.710841	1.55919	0.7810657	6.462558
2634	-4489.553	-5493.952	1004.399	1.680389	1.689879	0.7810657	6.770661
2640	-4495.549	-5498.558	1003.01	1.680389	2.442455	0.7810657	7.285164
2646	-4461.465	-5464.212	1002.747	1.655723	1.975514	0.750453	7.595267
2652	-4446.925	-5450.871	1003.946	1.555859	1.975514	0.5722139	7.135611
2658	-4424.949	-5429.27	1004.32	1.555859	1.975514	0.3589606	7.135611
2664	-4472.75	-5476.422	1003.671	1.480479	1.975514	0.4356506	7.444685
2670	-4434.286	-5438.074	1003.788	1.459169	1.956453	0.334571	7.506916
2676	-4455.082	-5457.585	1002.503	1.435652	2.205123	0.3609703	8.100511
2682	-4430.871	-5434.703	1003.833	1.508498	1.988297	0.3182969	7.465816
2688	-4436.136	-5439.342	1003.206	1.410681	2.388864	0.4160864	7.629048
2694	-4452.546	-5455.485	1002.939	1.444729	2.388864	0.2920349	7.893024
2700	-4431.576	-5435.534	1003.958	1.461052	2.388864	0.2854195	7.347478
2706	-4439.079	-5443.005	1003.926	1.438571	2.388864	0.3084592	7.347478
2712	-4445.234	-5449.616	1004.383	1.466308	2.388864	0.3084592	7.087396
2718	-4433.402	-5439.173	1005.771	1.532407	2.388864	0.3084592	6.301219
2724	-4437.237	-5442.364	1005.127	1.532407	2.388864	0.3084592	6.650367
2730	-4419.934	-5426.395	1006.461	1.559389	2.251202	0.3278593	5.926432
2736	-4461.785	-5468.734	1006.949	1.637443	1.934547	0.3278593	5.714637
2742	-4429.313	-5436.217	1006.905	1.632921	1.934547	0.3508758	5.714637
2748	-4440.884	-5447.725	1006.84	1.600204	1.934547	0.3508758	5.767686
2754	-4403.792	-5412.438	1008.647	1.816014	1.934547	0.3508758	4.648808
2760	-4412.069	-5420.553	1008.484	1.729264	2.384279	0.3508758	4.648808
2766	-4428.06	-5436.466	1008.406	1.758053	2.178492	0.3508758	4.737737
2772	-4425.713	-5433.934	1008.221	1.758053	1.668783	0.3508758	5.013273
2778	-4423.323	-5431.214	1007.891	1.758053	1.919696	0.4375298	5.013273
2784	-4437.686	-5444.42	1006.735	1.644015	1.494674	0.4708734	5.83674
2790	-4416.542	-5423.541	1006.998	1.613668	1.371437	0.4708734	5.760441
2796	-4425.628	-5433.967	1008.339	1.889549	1.888503	0.5478327	4.597457
2802	-4417.643	-5426.24	1008.597	1.856111	1.888503	0.4159179	4.597457
2808	-4436.409	-5445.492	1009.083	1.928602	1.888503	0.5002421	4.198916
2814	-4455.188	-5459.397	1004.21	1.53302	2.353831	0.3481349	7.107249
2820	-4447.988	-5451.89	1003.902	1.518201	1.976364	0.4177251	7.317926
2826	-4451.79	-5455.582	1003.792	1.491337	1.976364	0.4177251	7.391715
2832	-4458.895	-5458.891	999.9969	1.411271	2.009666	0.4177251	9.441755
2838	-4442.666	-5443.247	1000.582	1.378202	1.874294	0.4177251	9.193243
2844	-4435.647	-5436.162	1000.515	1.350399	1.470282	0.3299168	9.481604
2850	-4448.793	-5449.764	1000.971	1.306735	2.440961	0.2780663	9.015962
2856	-4448.03	-5449.343	1001.313	1.318864	2.440961	0.2780663	8.828801
2862	-4433.114	-5436.533	1003.419	1.336761	3.189255	0.1704667	7.68018
2868	-4414.074	-5418.012	1003.938	1.33803	3.197501	0.2063008	7.340588
2874	-4438.443	-5438.927	1000.484	1.327629	3.120215	0.2306087	9.164931
2880	-4445.859	-5446.472	1000.612	1.268386	2.974848	0.2479381	9.135955
2886	-4445.733	-5444.692	998.9587	1.234454	3.004705	0.2007383	10.08903
2892	-4425.729	-5424.224	998.4951	1.234454	1.852744	0.2835981	10.52469
2898	-4424.612	-5423.363	998.7511	1.222885	1.669633	0.2835981	10.45874
2904	-4438.14	-5436.613	998.4734	1.272619	1.602248	0.2835981	10.60266
2910	-4447.386	-5447.457	1000.071	1.405945	2.087035	0.2929058	9.520141
2916	-4427.826	-5427.852	1000.026	1.304401	2.087035	0.2929058	9.597647
2922	-4432.128	-5433.094	1000.966	1.291443	2.195204	0.3130971	9.050985
2928	-4436.424	-5437.036	1000.612	1.452684	2.195204	0.4062137	9.050985
2934	-4448.371	-5450.974	1002.603	1.393389	1.776132	0.2966294	8.280038
2940	-4452.232	-5453.236	1001.004	1.424345	1.776132	0.3743499	9.0227
2946	-4439.404	-5441.703	1002.299	1.448939	1.642593	0.423925	8.318725
2952	-4441.748	-5444.071	1002.323	1.487383	1.491314	0.582602	8.202847
2958	-4439.637	-5443.972	1004.335	1.580366	1.521014	0.582602	7.064834
2964	-4421.808	-5426.664	1004.856	1.638371	1.521014	0.5274689	6.798521
2970	-4417.507	-5422.033	1004.526	1.557037	2.024861	0.5274689	6.844316
2976	-4400.715	-5406.222	1005.508	1.584621	2.024861	0.5274689	6.298344
2982	-4432.622	-5438.091	1005.469	1.581358	2.080737	0.3511603	6.477941
2988	-4421.215	-5426.324	1005.11	1.53448	2.080737	0.3939909	6.650771
2994	-4439.184	-5443.964	1004.779	1.532438	1.411464	0.3939909	7.067502
3000	-4404.23	-5408.528	1004.299	1.375668	2.504	0.3578375	7.0924
3006	-4412.94	-5414.248	1001.308	1.239223	2.504	0.3578375	8.761646
3012	-4389.014	-5391.348	1002.334	1.319775	2.056094	0.2803855	8.392583
3018	-4430.992	-5431.611	1000.619	1.332153	2.028964	0.2803855	9.30323
3024	-4435.667	-5438.264	1002.597	1.336732	2.028964	0.3188985	8.204164
3030	-4445.774	-5442.86	997.0862	1.173927	1.781612	0.3340067	11.25788
3036	-4443.334	-5440.304	996.9698	1.200418	1.781612	0.3771283	11.25788
3042	-4418.56	-5418.818	1000.258	1.206673	2.064187	0.3191796	9.501721
3048	-4421.108	-5421.206	1000.098	1.290154	2.201751	0.3191796	9.501721
3054	-4431.546	-5431.827	1000.281	1.323799	2.201751	0.429899	9.268943
3060	-4426.34	-5429.453	1003.113	1.296059	2.201751	0.3134889	7.905517
3066	-4418.843	-5423.429	1004.586	1.509794	1.735589	0.3997208	7.054148
3072	-4407.305	-5412.429	1005.125	1.50479	1.735589	0.3997208	6.766405
3078	-4400.177	-5405.531	1005.353	1.524696	1.735589	0.4143762	6.616962
3084	-4416.74	-5419.1	1002.36	1.463436	2.220915	0.4143762	8.10154
3090	-4413.147	-5417.285	1004.138	1.579041	1.438216	0.4516343	7.318596
3096	-4406.818	-5413.523	1006.704	1.726039	1.449507	0.4516343	5.845201
3102	-4437.092	-5444.27	1007.179	1.673038	1.93124	0.4516343	5.436402
3108	-4448.413	-5455.673	1007.26	1.670902	1.940634	0.4053362	5.436402
3114	-4432.176	-5440.33	1008.153	1.751336	1.705824	0.4537458	4.930578
3120	-4433.946	-5441.73	1007.783	1.751336	1.705824	0.4136954	5.176357
3126	-4453.726	-5460.457	1006.731	1.702531	1.863955	0.5192115	5.625874
3132	-4445.668	-5452.056	1006.388	1.731256	1.190172	0.5192115	6.06786
3138	-4433.072	-5440.084	1007.012	1.709198	1.697695	0.5192115	5.526874
3144	-4452.707	-5458.995	1006.289	1.709198	1.697695	0.5307607	5.913013
3150	-4427.501	-5435.001	1007.5	1.699525	1.697695	0.4250437	5.352824
3156	-4411.319	-5416.888	1005.569	1.616022	1.762571	0.4144175	6.44115
3162	-4410.256	-5415.743	1005.487	1.614312	1.762571	0.5070172	6.398658
3168	-4416.07	-5420.371	1004.3	1.45716	1.82803	0.5070172	7.101841
3174	-4453.092	-5457.801	1004.709	1.525503	1.547273	0.5070172	6.946572
3180	-4428.885	-5434.651	1005.765	1.551478	1.547273	0.4664738	6.398221
3186	-4419.689	-5424.284	1004.595	1.602449	1.547273	0.4664738	7.002989
3192	-4420.084	-5424.769	1004.685	1.551403	1.547273	0.4664738	6.982102
3198	-4434.79	-5439.415	1004.626	1.512659	1.845019	0.4107225	6.982102
3204	-4412.348	-5417.115	1004.767	1.604606	1.499626	0.4107225	6.982102
3210	-4426.283	-5430.805	1004.522	1.535352	1.499626	0.4019981	7.160221
3216	-4442.031	-5446.825	1004.794	1.587585	1.499626	0.4019981	6.986091
3222	-4413.973	-5419.369	1005.396	1.564147	1.450942	0.41418	6.680883
3228	-4393.143	-5396.695	1003.552	1.479857	1.875538	0.4517577	7.525864
3234	-4402.956	-5405.899	1002.943	1.350363	1.548534	0.4162793	8.070979
3240	-4413.589	-5417.555	1003.967	1.467274	1.548534	0.4502961	7.428168
3246	-4433.466	-5436.997	1003.531	1.415442	1.548534	0.4219091	7.716486
3252	-4410.123	-5414.019	1003.896	1.448554	1.548534	0.4219091	7.503443
3258	-4404.4	-5408.99	1004.59	1.529455	1.86175	0.4219091	6.975531
3264	-4394.406	-5401.014	1006.609	1.636306	1.86175	0.4219091	5.822356
3270	-4404.288	-5411.878	1007.59	1.664103	1.668551	0.3721141	5.390195
3204	-4596.856	-5603.633	1006.776	2.035987	1.931735	1.22689	4.945754
3210	-4503.884	-5506.884	1002.999	1.452344	1.785124	0.3982055	7.919437
3216	-4491.127	-5490.947	999.82	1.378396	1.819211	0.3812615	9.650641
3222	-4449.819	-5450.089	1000.27	1.409165	1.833642	0.3471195	9.429288
3228	-4428.107	-5427.838	999.7304	1.403195	1.276179	0.3369238	9.939654
3234	-4412.778	-5411.747	998.9687	1.229323	1.369951	0.3369238	10.39179
3240	-4466.08	-5466.096	1000.016	1.30689	1.369951	0.3369238	9.799925
3246	-4435.619	-5434.117	998.4975	1.314508	1.326757	0.3369238	10.61249
3252	-4438.75	-5438.533	999.7831	1.338428	1.650385	0.3168767	9.82127
3258	-4451.876	-5451.789	999.9129	1.362226	2.126289	0.3168767	9.585781
3264	-4453.99	-5455.653	1001.664	1.406978	2.126289	0.2948721	8.662787
3270	-4447.803	-5450.064	1002.261	1.395769	1.86292	0.3331848	8.38746
3276	-4435.896	-5438.334	1002.438	1.451555	2.001929	0.38211	8.165115
3282	-4448.986	-5451.677	1002.692	1.477551	2.001929	0.38211	8.015967
3288	-4442.5	-5444.964	1002.463	1.448029	2.001929	0.3751721	8.16081
3294	-4455.361	-5456.336	1000.975	1.434286	2.001929	0.3751721	8.958558
3300	-4459.303	-5458.883	999.5797	1.330705	1.983924	0.2658521	9.88501
3306	-4463.444	-5465.046	1001.602	1.382397	2.474589	0.2658521	8.648852
3312	-4434.228	-5435.843	1001.615	1.36958	2.474589	0.2658521	8.648852
3318	-4424.098	-5426.29	1002.192	1.396077	2.474589	0.2703431	8.321939
3324	-4426.111	-5429.291	1003.179	1.430202	2.348529	0.2703431	7.811483
3330	-4434.953	-5439.122	1004.168	1.481386	2.448273	0.2487076	7.256865
3336	-4429.598	-5433.601	1004.003	1.58598	2.448273	0.2489557	7.289072
3342	-4433.71	-5436.655	1002.946	1.465359	2.448273	0.3221244	7.825346
3348	-4458.981	-5463.628	1004.647	1.460741	2.448273	0.2954486	6.948382
3354	-4431.461	-5436.068	1004.608	1.499517	2.448273	0.2954486	6.948382
3360	-4419.925	-5423.965	1004.041	1.506688	2.562938	0.2954486	7.219349
3366	-4464.705	-5467.618	1002.912	1.506576	1.863327	0.4061313	7.902424
3372	-4450.626	-5453.875	1003.249	1.481232	1.485287	0.4061313	7.87253
3378	-4428.185	-5431.634	1003.449	1.51971	1.947732	0.360424	7.62932
3384	-4468.305	-5471.223	1002.918	1.464883	1.947732	0.4050629	7.895308
3390	-4428.744	-5432.43	1003.686	1.585202	1.955295	0.4796558	7.345549
3396	-4424.151	-5428.226	1004.075	1.570858	2.39472	0.2751539	7.237352
3402	-4436.867	-5439.395	1002.528	1.429581	2.445832	0.2526494	8.156687
3408	-4414.745	-5415.829	1001.083	1.446472	2.759026	0.2526494	8.836144
3414	-4433.872	-5435.428	1001.556	1.414911	2.333367	0.2526494	8.711899
3420	-4450.051	-5450.642	1000.591	1.442774	2.04418	0.3013434	9.228325
3426	-4432.532	-5434.599	1002.066	1.404971	1.681813	0.3013434	8.58631
3432	-4449.496	-5451.872	1002.376	1.348998	1.681813	0.3208016	8.428279
3438	-4415.652	-5418.388	1002.736	1.407798	1.53144	0.3208016	8.260846
3444	-4413.406	-5416.029	1002.624	1.419239	1.53144	0.368254	8.260846
3450	-4415.666	-5420.444	1004.778	1.52407	1.53144	0.3734136	7.046533
3456	-4431.158	-5435.799	1004.641	1.456008	1.982474	0.3310467	7.046533
3462	-4430.66	-5434.201	1003.541	1.507086	1.982474	0.3218318	7.620456
3468	-4446.337	-5449.701	1003.363	1.508403	1.982474	0.407478	7.620456
3474	-4462.129	-5466.37	1004.241	1.524331	1.469859	0.407478	7.323492
3480	-4436.031	-5439.402	1003.371	1.512038	1.339537	0.4370569	7.820447
3486	-4434.04	-5437.174	1003.134	1.525374	1.543723	0.4758693	7.820447
3492	-4439.932	-5443.188	1003.256	1.525374	1.380481	0.4758693	7.820447
3498	-4452.145	-5455.701	1003.557	1.513452	1.259558	0.3613345	7.833496
3504	-4468.144	-5472.984	1004.84	1.51806	2.145236	0.3613345	6.821055
3510	-4442.665	-5447.498	1004.833	1.58572	1.97511	0.3793614	6.821055
3516	-4458.668	-5463.446	1004.778	1.567201	1.552853	0.5091518	6.88276
3522	-4444.247	-5448.74	1004.493	1.607452	2.092992	0.4518284	6.88276
3528	-4470.593	-5476.434	1005.84	1.616562	1.657649	0.4450901	6.300887
3534	-4476.675	-5483.284	1006.609	1.633167	1.657649	0.4450901	5.873124
3540	-4440.28	-5445.497	1005.216	1.699134	1.657649	0.390609	6.649493
3546	-4476.506	-5481.75	1005.244	1.622995	1.505925	0.4405339	6.683034
3552	-4461.826	-5466.862	1005.036	1.622995	1.29575	0.4405339	6.882959
3558	-4473.984	-5479.264	1005.28	1.528286	2.304646	0.309323	6.592514
3564	-4473.149	-5478.978	1005.828	1.49432	2.304646	0.3064389	6.317088
3570	-4449.153	-5454.394	1005.242	1.561826	2.125399	0.3064389	6.650927
3576	-4435.987	-5439.569	1003.582	1.528344	1.556187	0.3679037	7.68222
3582	-4440.932	-5443.46	1002.527	1.432165	1.870825	0.3679037	8.184969
3588	-4421.833	-5424.32	1002.488	1.426234	1.911766	0.3781703	8.184969
3594	-4438.717	-5441.69	1002.973	1.538962	1.358189	0.3781703	8.070219
3600	-4408.275	-5411.21	1002.935	1.435404	1.358189	0.4533279	8.070219
3606	-4428.002	-5432.065	1004.063	1.519443	1.358189	0.3678759	7.509259
3612	-4410.302	-5414.175	1003.874	1.536332	1.659655	0.3446019	7.509259
3618	-4409.979	-5411.641	1001.662	1.481647	1.670472	0.3937323	8.660221
3624	-4417.43	-5419.547	1002.116	1.399575	1.670472	0.3937323	8.46243
3630	-4453.158	-5454.005	1000.846	1.33606	1.621899	0.3273473	9.259599
3636	-4450.447	-5453.378	1002.931	1.456011	1.813451	0.37631	7.96713
3642	-4446.317	-5446.839	1000.522	1.475783	2.064559	0.3202372	9.218367
3648	-4453.661	-5451.295	997.6341	1.282108	2.551823	0.2608614	10.78042
3654	-4444.202	-5445.225	1001.023	1.307912	2.731914	0.2753389	8.917511
3660	-4460.961	-5460.096	999.134	1.321808	2.731914	0.2561391	9.933347
3666	-4461.802	-5462.476	1000.674	1.353892	2.021572	0.3301546	9.204456
3672	-4439.575	-5440.236	1000.661	1.474183	1.569488	0.3301546	9.300608
3678	-4449.571	-5448.056	998.4851	1.301369	2.057588	0.3418548	10.36103
3684	-4425.594	-5428.45	1002.856	1.362631	1.55901	0.3127772	8.220095
3690	-4426.573	-5430.242	1003.669	1.54261	1.816193	0.3399374	7.56611
3696	-4428.825	-5432.283	1003.458	1.537576	1.802886	0.4556712	7.56611
3702	-4427.813	-5431.865	1004.052	1.436741	1.780006	0.3222255	7.450549
3708	-4421.143	-5422.479	1001.336	1.298175	2.169629	0.330876	8.838275
3714	-4459.123	-5460.055	1000.932	1.406707	2.343164	0.3432083	8.931476
3720	-4453.19	-5453.776	1000.586	1.334106	1.738463	0.2701842	9.427302
3726	-4428.061	-5427.036	998.9744	1.270049	1.62779	0.2764144	10.34083
3732	-4444.906	-5443.915	999.0094	1.299338	1.62779	0.3839206	10.1828
3738	-4439.571	-5438.868	999.2969	1.372672	1.66734	0.442664	9.920386
3744	-4449.704	-5447.231	997.5275	1.329938	2.344947	0.3642634	10.74192
3750	-4434.414	-5433.353	998.9389	1.183805	1.483846	0.2052382	10.55904
3756	-4439.32	-5436.145	996.825	1.220721	1.93058	0.2052382	11.49092
3762	-4467.734	-5468.358	1000.623	1.352315	2.597142	0.2830513	9.129282
3768	-4439.454	-5439.667	1000.213	1.406893	2.127129	0.2830513	9.445084
3774	-4460.183	-5461.532	1001.349	1.428936	2.1389	0.6227966	8.501571
3780	-4441.636	-5440.542	998.9057	1.342452	1.70003	0.410666	10.16166
3786	-4444.64	-5446.292	1001.653	1.493798	2.57877	0.2681523	8.532653
3792	-4456.162	-5459.683	1003.521	1.432653	2.830371	0.2681523	7.506706
3702	-4456.068	-5463.544	1007.477	1.688015	1.818166	0.4738371	5.280994
3708	-4451.762	-5458.283	1006.521	1.635454	1.818166	0.4738371	5.834946
3714	-4428.648	-5434.819	1006.171	1.636885	1.696384	0.4535871	6.087568
3720	-4427.584	-5433.997	1006.413	1.660264	1.709827	0.4127958	5.978459
3726	-4445.82	-5452.273	1006.453	1.598951	1.703252	0.4267393	5.978459
3732	-4433.316	-5439.391	1006.075	1.630971	1.233902	0.4267393	6.358325
3738	-4431.14	-5437.816	1006.675	1.566194	1.407522	0.4267393	5.990526
3744	-4425.046	-5431.577	1006.531	1.596498	1.561007	0.4267393	5.990526
3750	-4460.58	-5466.911	1006.331	1.610278	1.941375	0.4267393	5.956589
3756	-4455.445	-5461.671	1006.226	1.635812	1.941375	0.4714699	5.956589
3762	-4456.157	-5461.112	1004.955	1.490914	2.50059	0.3521886	6.683686
3768	-4439.081	-5444.593	1005.512	1.552311	2.166586	0.3355389	6.462013
3774	-4461.282	-5466.765	1005.482	1.533424	2.166586	0.3523618	6.469135
3780	-4443.314	-5448.677	1005.363	1.525985	2.407175	0.3523618	6.469135
3786	-4451.746	-5457.066	1005.321	1.495717	1.915096	0.2781769	6.746268
3792	-4461.564	-5467.414	1005.85	1.495717	1.915096	0.2781769	6.460057
3798	-4449.158	-5448.557	999.3985	1.293064	2.190285	0.2781769	9.922497
3804	-4459.882	-5459.097	999.2152	1.304419	2.081531	0.3841393	9.922497
3810	-4460.447	-5457.766	997.3192	1.26992	2.081531	0.3101014	11.0187
3816	-4434.411	-5436.784	1002.373	1.365665	2.081531	0.3711404	8.232716
3822	-4433.593	-5436.55	1002.957	1.473324	2.081531	0.3711404	7.86395
3828	-4434.218	-5439.945	1005.726	1.560832	1.975592	0.3711404	6.360152
3834	-4422.646	-5428.591	1005.945	1.539458	1.975592	0.366371	6.258185
3840	-4414.262	-5420.121	1005.86	1.57509	1.975592	0.3913326	6.258185
3846	-4430.829	-5436.818	1005.99	1.586335	1.975592	0.3772673	6.196552
3852	-4437.5	-5441.913	1004.413	1.554203	1.597538	0.3772673	7.19717
3858	-4447.654	-5452.652	1004.998	1.488301	1.597538	0.360507	6.936238
3864	-4428.558	-5433.257	1004.699	1.521635	1.773546	0.4368731	6.936238
3870	-4434.797	-5438.926	1004.129	1.431036	1.573765	0.4368731	7.363657
3876	-4410.28	-5412.205	1001.925	1.383983	1.573765	0.4119389	8.589608
3882	-4429.022	-5432.689	1003.667	1.489839	1.448386	0.442404	7.623324
3888	-4426.632	-5430.996	1004.364	1.455854	1.642987	0.442404	7.193076
3894	-4438.876	-5444.166	1005.29	1.602494	1.788505	0.442404	6.56254
3900	-4387.347	-5392.579	1005.232	1.639119	1.788505	0.4547396	6.56254
3906	-4413.181	-5418.61	1005.428	1.6795	1.81519	0.5440607	6.344716
3912	-4424.624	-5430.266	1005.642	1.604759	1.81519	0.4598022	6.344716
3918	-4400.35	-5406.128	1005.778	1.616122	1.593775	0.4598022	6.344716
3924	-4395.865	-5402.137	1006.272	1.616122	1.593775	0.4598022	6.075889
3930	-4409.081	-5416.324	1007.243	1.691614	1.795718	0.4598022	5.429026
3936	-4395.788	-5403.168	1007.38	1.766462	1.487194	0.4598022	5.429026
3942	-4431.468	-5438.152	1006.684	1.68052	1.487194	0.4598022	5.857765
3948	-4412.039	-5418.74	1006.701	1.664407	1.487194	0.4598022	5.857765
3954	-4418.34	-5425.243	1006.903	1.664407	1.487194	0.4510075	5.755443
3960	-4430.805	-5436.425	1005.62	1.632589	1.881782	0.2884395	6.508
3966	-4452.278	-5458.186	1005.907	1.634154	1.886063	0.4360541	6.183615
3972	-4449.674	-5455.769	1006.095	1.578096	1.680619	0.4360541	6.183615
3978	-4450.692	-5455.318	1004.626	1.566933	2.168681	0.4360541	6.825205
3984	-4414.551	-5419.635	1005.084	1.511139	2.079527	0.3221307	6.758268
3990	-4438.939	-5444.311	1005.372	1.574857	1.395369	0.5218432	6.610058
3996	-4438.316	-5443.094	1004.778	1.487362	1.951214	0.3904071	6.899829
4002	-4458.004	-5462.608	1004.604	1.504099	1.722766	0.3166269	7.144976
4008	-4454.61	-5458.694	1004.084	1.496494	1.907281	0.3324955	7.346613
4014	-4439.687	-5444.822	1005.135	1.514191	1.570537	0.3324955	6.890748
4020	-4446.141	-5452.329	1006.188	1.655453	1.499866	0.521207	6.080847
4026	-4441.078	-5447.281	1006.203	1.610385	1.499866	0.5401274	6.080847
4032	-4432.135	-5439.17	1007.035	1.663118	1.499866	0.438734	5.690686
4038	-4439.64	-5445.84	1006.199	1.630684	1.499866	0.438734	6.165007
4044	-4478.5	-5486.035	1007.535	1.688305	1.477478	0.438734	5.411032
4050	-4452.929	-5459.429	1006.5	1.688305	1.704669	0.4950751	5.8383
4056	-4442.029	-5448.762	1006.733	1.622395	1.466964	0.4950751	5.8383
4062	-4432.728	-5439.277	1006.548	1.633385	1.466964	0.4813922	5.945695
4068	-4419.059	-5425.073	1006.014	1.647755	2.053153	0.5242246	5.982083
4074	-4419.687	-5425.383	1005.696	1.601905	1.342875	0.5242246	6.440064
4080	-4421.781	-5426.179	1004.398	1.582554	1.66549	0.5242246	7.02361
4086	-4413.876	-5418.315	1004.438	1.542572	1.66549	0.5242246	7.02361
4092	-4415.899	-5419.864	1003.965	1.510854	1.596398	0.4413269	7.395982
4098	-4386.55	-5390.577	1004.027	1.466469	1.596398	0.4317725	7.395982
4104	-4417.87	-5422.303	1004.433	1.478797	1.596398	0.4317725	7.171226
4110	-4430.83	-5436.918	1006.088	1.624657	2.000263	0.340681	6.155473
4116	-4425.979	-5430.82	1004.841	1.546977	2.000263	0.3552909	6.856501
4122	-4452.045	-5456.389	1004.344	1.57099	2.000263	0.4596307	7.003864
4128	-4452.724	-5455.84	1003.117	1.460161	1.942154	0.339229	7.864627
4134	-4438.459	-5441.772	1003.313	1.492791	1.692814	0.3731128	7.789105
4140	-4433.582	-5436.8	1003.218	1.537921	1.445115	0.3360611	7.950808
4146	-4417.557	-5421.832	1004.275	1.533011	1.679072	0.4339048	7.194568
4152	-4444.324	-5448.824	1004.5	1.533011	1.679072	0.5041678	7.008256
4158	-4438.623	-5444.177	1005.554	1.47975	1.679072	0.373897	6.595688
4164	-4436.239	-5439.144	1002.906	1.488828	1.845736	0.373897	7.954995
4170	-4431.474	-5436.052	1004.578	1.539737	1.845736	0.373897	7.03191
4176	-4432.656	-5437.429	1004.772	1.499953	2.051912	0.3872074	6.867731
4182	-4396.386	-5400.643	1004.257	1.46696	1.279203	0.3872074	7.447044
4188	-4420.97	-5424.504	1003.534	1.438523	1.826792	0.420987	7.603918
4194	-4424.974	-5428.581	1003.607	1.460655	1.680623	0.420987	7.603918
4200	-4451.262	-5455.206	1003.944	1.476374	1.680623	0.4436043	7.392511
4206	-4422.64	-5426.371	1003.731	1.497457	1.659037	0.4436043	7.503219
4212	-4401.256	-5406.341	1005.084	1.510362	1.458235	0.4436043	6.845935
4218	-4408.452	-5412.924	1004.473	1.492116	1.701587	0.5090884	7.032435
4224	-4417.804	-5422.559	1004.755	1.474687	1.701587	0.3638942	7.032435
4230	-4438.09	-5443.611	1005.521	1.569622	1.721812	0.3638942	6.560741
4236	-4421.353	-5426.846	1005.493	1.561904	1.721812	0.4773465	6.465215
4242	-4433.917	-5439.405	1005.488	1.561904	1.692895	0.4917591	6.465215
4248	-4419.018	-5424.661	1005.642	1.561904	1.405648	0.4917591	6.493073
4254	-4431.664	-5438.637	1006.973	1.689479	1.424015	0.4798116	5.70193
4260	-4423.935	-5431.338	1007.403	1.691188	2.297174	0.4031725	5.238518
4266	-4432.927	-5440.498	1007.571	1.729142	2.297174	0.4031725	5.124103
4272	-4442.162	-5449.67	1007.508	1.729142	1.881802	0.5178046	5.178538
4278	-4452.24	-5459.143	1006.903	1.628521	1.624959	0.5178046	5.659323
4284	-4455.57	-5461.788	1006.218	1.651728	1.802197	0.5770893	5.907141
4290	-4459.153	-5465.504	1006.351	1.647495	1.643758	0.5770893	5.893388
4296	-4463.98	-5470.731	1006.751	1.7177	2.14396	0.5770893	5.467233
4302	-4445.59	-5451.788	1006.198	1.764037	2.011907	0.6666408	5.716855
4308	-4472.631	-5477.5	1004.869	1.738579	1.901682	0.7113699	6.458873
4314	-4469.748	-5476.563	1006.815	1.761281	1.901682	0.6164268	5.454035
4320	-4456.099	-5463.616	1007.517	1.768471	1.539563	0.4530295	5.337947
4326	-4443.749	-5450.885	1007.136	1.73329	1.62301	0.4929088	5.496949
4332	-4423.76	-5430.851	1007.091	1.73329	1.47032	0.4929088	5.581704
4338	-4424.859	-5432.523	1007.664	1.741987	1.47032	0.4745347	5.278894
4344	-4443.909	-5451.546	1007.637	1.768353	1.47032	0.4745347	5.278894
4350	-4485.117	-5494.283	1009.166	1.759502	2.795954	0.3042601	4.194465
4356	-4459.807	-5468.216	1008.409	1.782799	3.004827	0.3042601	4.557045
4362	-4501.345	-5509.369	1008.024	1.735371	3.004827	0.3042601	4.798955
4368	-4443.728	-5451.43	1007.703	1.713912	3.004827	0.311859	4.980275
4374	-4450.72	-5457.94	1007.22	1.731609	3.004827	0.4172141	5.118074
4380	-4453.228	-5461.547	1008.32	1.934837	1.512655	0.5643434	4.709309
4302	-4437.52	-5444.032	1006.512	1.764037	2.414517	0.6641668	5.426403
4308	-4455.985	-5462.186	1006.201	1.732127	2.414517	0.6641668	5.614862
4314	-4445.055	-5450.868	1005.812	1.732127	2.188304	0.7124558	5.857956
4320	-4429.844	-5435.741	1005.898	1.732127	2.188304	0.6483843	5.857956
4326	-4416.632	-5424.108	1007.476	1.726039	2.103059	0.4563148	5.182952
4332	-4440.783	-5447.919	1007.136	1.723605	1.635377	0.4563148	5.532089
4338	-4408.856	-5416.663	1007.808	1.733464	1.865487	0.4563148	5.073112
4344	-4413.996	-5421.11	1007.114	1.702803	1.865487	0.4563148	5.472965
4350	-4420.508	-5428.113	1007.605	1.687944	1.865487	0.4557509	5.211001
4356	-4450.283	-5456.632	1006.349	1.687944	1.865487	0.4557509	5.901351
4362	-4430.86	-5436.375	1005.514	1.577229	1.60045	0.4557509	6.510194
4368	-4449.479	-5455.805	1006.326	1.562735	1.586852	0.392629	6.146144
4374	-4416.593	-5422.25	1005.657	1.540413	1.488694	0.3766206	6.576881
4380	-4390.605	-5396.164	1005.56	1.520464	1.654006	0.3766206	6.576881
4386	-4412.086	-5417.929	1005.843	1.571664	1.731125	0.3781028	6.366243
4392	-4417.387	-5423.48	1006.093	1.570204	1.731125	0.3781028	6.230932
4398	-4444.476	-5451.338	1006.862	1.602324	2.122134	0.3273658	5.722824
4404	-4427.74	-5435.125	1007.384	1.678421	2.016764	0.3530085	5.39668
4410	-4415.26	-5421.595	1006.335	1.60907	2.016764	0.393996	5.964818
4416	-4424.339	-5431.325	1006.986	1.577306	2.016764	0.393996	5.626173
4422	-4439.136	-5446.072	1006.937	1.614302	2.016764	0.4000595	5.626173
4428	-4433.766	-5441.324	1007.558	1.632896	1.914121	0.4000595	5.307643
4434	-4410.167	-5417.784	1007.617	1.657414	1.708865	0.4249063	5.307643
4440	-4435.723	-5442.057	1006.334	1.557461	1.9421	0.3983006	6.01324
4446	-4422.12	-5428.45	1006.331	1.630958	1.759419	0.5478058	5.896106
4452	-4442.487	-5448.846	1006.359	1.665334	1.664537	0.5478058	5.896106
4458	-4437.227	-5444.224	1006.996	1.645033	1.664537	0.4149168	5.682344
4464	-4449.89	-5455.755	1005.865	1.495602	1.604243	0.4669652	6.352245
4470	-4457.364	-5461.954	1004.59	1.497928	1.685761	0.4669652	7.010064
4476	-4462.164	-5467.169	1005.005	1.505439	1.685761	0.4403136	6.807501
4482	-4445.364	-5452.108	1006.744	1.760006	1.909829	0.4206954	5.665611
4488	-4459.718	-5466.587	1006.869	1.676816	1.996214	0.4819012	5.554557
4494	-4461.08	-5467.035	1005.955	1.598047	2.173018	0.4638985	6.059564
4500	-4440.363	-5446.607	1006.244	1.681533	2.173018	0.3975238	5.923016
4506	-4434.698	-5441.4	1006.703	1.656716	1.679236	0.4756064	5.771859
4512	-4421.787	-5428.346	1006.56	1.615768	1.970503	0.4756064	5.771859
4518	-4420.858	-5427.366	1006.508	1.605214	2.060996	0.3426504	5.91581
4524	-4431.205	-5436.899	1005.694	1.527856	2.060996	0.3978814	6.339743
4530	-4445.322	-5450.648	1005.326	1.54028	2.187066	0.4236912	6.468165
4536	-4435.347	-5440.788	1005.441	1.584171	2.056875	0.3788125	6.468165
4542	-4433.134	-5437.817	1004.683	1.534007	2.056875	0.3859761	6.897258
4548	-4430.489	-5435.67	1005.181	1.552466	2.056875	0.3447231	6.664182
4554	-4464.249	-5469.489	1005.239	1.51668	2.056875	0.3447231	6.651823
4560	-4458.114	-5462.105	1003.991	1.533691	2.675906	0.5069218	6.981072
4566	-4413.694	-5419.465	1005.771	1.545067	2.31404	0.3303569	6.289017
4572	-4427.756	-5433.843	1006.087	1.546817	1.892961	0.3523162	6.219845
4578	-4461.227	-5467.267	1006.04	1.527488	1.86052	0.3949546	6.219845
4584	-4431.29	-5437.015	1005.725	1.563438	2.267229	0.4822224	6.158845
4590	-4433.632	-5439.191	1005.559	1.590575	1.636799	0.4822224	6.440515
4596	-4420.623	-5426.241	1005.618	1.533325	1.493553	0.4822224	6.494729
4602	-4439.769	-5444.982	1005.214	1.574984	2.007587	0.4822224	6.508809
4608	-4445.297	-5451.235	1005.938	1.595967	1.516647	0.4822224	6.277624
4614	-4433.953	-5439.976	1006.023	1.593066	1.516647	0.4822224	6.233306
4620	-4427.153	-5432.681	1005.528	1.567179	2.152836	0.5144845	6.268351
4626	-4437.063	-5442.004	1004.941	1.634402	2.152836	0.7741258	6.354317
4632	-4450.964	-5455.267	1004.304	1.678148	2.968864	0.7741258	6.461715
4638	-4439.114	-5443.45	1004.336	1.645421	2.968864	0.7741258	6.461715
4644	-4452.067	-5457.681	1005.614	1.641277	1.99311	0.5713084	6.182967
4650	-4442.696	-5448.611	1005.915	1.641277	1.810845	0.6446744	6.021838
4656	-4432.317	-5437.664	1005.347	1.658725	1.810845	0.6446744	6.32178
4662	-4421.813	-5427.533	1005.72	1.551956	1.940321	0.4265052	6.32178
4668	-4426.848	-5432.218	1005.37	1.591062	1.790846	0.4644375	6.503694
4674	-4425.56	-5430.85	1005.291	1.552697	2.162665	0.5057614	6.410162
4680	-4438.87	-5445.084	1006.214	1.605964	2.662498	0.323836	5.928472
4686	-4423.728	-5430.013	1006.286	1.642531	1.956918	0.4575061	5.928472
4692	-4429.139	-5435.422	1006.283	1.553651	1.875901	0.4575061	6.005386
4698	-4422.946	-5429.547	1006.601	1.586529	1.875901	0.3510375	5.925173
4704	-4430.57	-5435.897	1005.327	1.60106	1.875901	0.4192041	6.536789
4710	-4434.876	-5441.483	1006.607	1.616802	1.768989	0.4092913	5.878793
4716	-4413.789	-5420.209	1006.42	1.631015	1.768989	0.4092913	5.973305
4722	-4447.104	-5453.511	1006.407	1.644372	1.768989	0.4092913	5.973305
4728	-4424.728	-5432.054	1007.326	1.681238	1.726275	0.3585165	5.519958
4734	-4407.493	-5414.608	1007.114	1.681238	1.726275	0.5201507	5.474633
4740	-4401.673	-5408.199	1006.526	1.67443	1.618678	0.5201507	5.840886
4746	-4413.544	-5419.585	1006.041	1.615892	1.950239	0.5209535	6.020701
4752	-4406.227	-5412.534	1006.306	1.613504	1.850213	0.4053873	6.020701
4758	-4419.355	-5426.259	1006.904	1.684505	1.850213	0.3763167	5.6864
4764	-4409.479	-5416.211	1006.732	1.671221	1.850213	0.4765146	5.6864
4770	-4407.345	-5414.092	1006.747	1.655619	1.850213	0.4765146	5.6864
4776	-4405.818	-5412.515	1006.697	1.677731	1.850213	0.4934782	5.6864
4782	-4408.535	-5415.797	1007.261	1.683379	1.379012	0.4934782	5.553635
4788	-4415.296	-5422.251	1006.955	1.704592	1.562799	0.4934782	5.634681
4794	-4400.063	-5407.25	1007.187	1.699901	1.562799	0.4848228	5.517947
4800	-4430.994	-5438.857	1007.863	1.696024	1.727898	0.4848228	5.084353
4806	-4433.233	-5441.1	1007.868	1.687329	1.995126	0.3954936	5.084353
4812	-4427.11	-5435.224	1008.115	1.754366	1.753646	0.3954936	4.992707
4818	-4422.552	-5430.351	1007.799	1.706903	2.101072	0.4538757	5.017655
4824	-4442.328	-5450.115	1007.787	1.755918	1.77879	0.5489795	5.017655
4830	-4470.598	-5478.861	1008.263	1.706122	1.648237	0.3583652	5.017655
4836	-4456.944	-5465.597	1008.653	1.706122	1.934066	0.3585146	4.698059
4842	-4447.521	-5455.848	1008.327	1.852785	2.04906	0.3551373	4.764229
4848	-4423.588	-5432.626	1009.038	1.847688	2.04906	0.3812831	4.337861
4854	-4423.01	-5431.01	1007.999	1.847688	2.04906	0.3812831	4.920103
4860	-4423.971	-5431.711	1007.74	1.724964	1.798099	0.5263504	5.07385
4866	-4410.802	-5417.467	1006.665	1.679635	1.798099	0.5263504	5.691146
4872	-4426.647	-5432.434	1005.788	1.570577	1.798099	0.4678827	6.28254
4878	-4445.802	-5451.935	1006.133	1.582237	1.798099	0.4175876	6.137336
4884	-4437.47	-5443.441	1005.97	1.582237	1.994222	0.3637611	6.218085
4890	-4447.041	-5452.889	1005.848	1.622885	2.202748	0.3637611	6.198469
4896	-4452.785	-5458.364	1005.579	1.616239	2.265425	0.4949895	6.198469
4902	-4425.49	-5431.815	1006.325	1.616239	2.021041	0.4422718	5.915548
4908	-4445.969	-5452.42	1006.451	1.646763	2.021041	0.4422718	5.830245
4914	-4445.244	-5451.971	1006.727	1.656622	2.021041	0.4331426	5.682736
4920	-4419.364	-5426.568	1007.203	1.677524	2.094866	0.3801537	5.441664
4926	-4442.669	-5449.587	1006.919	1.625361	2.051514	0.3801537	5.640394
4932	-4430.116	-5436.705	1006.589	1.602536	1.912449	0.4124622	5.844286
4938	-4453.617	-5460.084	1006.467	1.646319	2.393384	0.4124622	5.740914
4944	-4459.423	-5466.155	1006.732	1.602546	2.393384	0.3871791	5.646356
4950	-4459.289	-5466.026	1006.737	1.60594	2.393384	0.411172	5.616405
4956	-4449.844	-5456.711	1006.867	1.625703	1.877222	0.411172	5.692526
4962	-4461.715	-5468.398	1006.683	1.663666	1.877222	0.411172	5.772664
4968	-4434.258	-5441.329	1007.071	1.663666	1.877222	0.4861203	5.48613
4974	-4443.856	-5450.739	1006.882	1.686678	1.704669	0.4861203	5.637926
4980	-4452.478	-5459.295	1006.817	1.735336	1.730169	0.4861203	5.637926
4902	-4432.265	-5438.55	1006.285	1.616239	2.021041	0.4651078	5.915548
4908	-4429.82	-5436.333	1006.513	1.587003	2.021041	0.3600171	5.915548
4914	-4438.969	-5444.999	1006.031	1.587003	1.831692	0.3600171	6.240713
4920	-4443.913	-5450.047	1006.134	1.587003	1.831692	0.3276406	6.22192
4926	-4447.719	-5453.212	1005.493	1.625636	1.447048	0.4509018	6.560477
4932	-4439.199	-5444.57	1005.371	1.643252	1.447048	0.5120331	6.560477
4938	-4422.767	-5429.626	1006.86	1.643252	1.650659	0.4166469	5.761622
4944	-4401.83	-5408.735	1006.905	1.654741	1.650659	0.3870572	5.761622
4950	-4409.659	-5416.675	1007.016	1.619608	1.369499	0.4569296	5.761622
4956	-4429.894	-5436.6	1006.706	1.616855	1.703202	0.4569296	5.800685
4962	-4414.277	-5420.812	1006.535	1.586614	1.703202	0.4569296	5.911023
4968	-4405.131	-5411.75	1006.619	1.629309	1.688731	0.3936445	5.911023
4974	-4409.376	-5416.333	1006.957	1.705525	1.584271	0.3890903	5.728145
4980	-4415.02	-5423.599	1008.579	1.834304	1.584271	0.4468393	4.699737
4986	-4420.412	-5428.342	1007.93	1.777667	1.808213	0.4386903	5.018168
4992	-4433.242	-5441.478	1008.237	1.770183	1.808213	0.4241485	4.866488
4998	-4424.937	-5432.971	1008.033	1.806406	1.808213	0.4241485	4.959352
5004	-4427.388	-5436.11	1008.722	1.806406	1.808213	0.4335493	4.565102
5010	-4407.414	-5416.148	1008.734	1.778813	1.808213	0.4335493	4.573543
5016	-4431.484	-5440.235	1008.751	1.779532	1.978502	0.4335493	4.505409
5022	-4438.025	-5446.687	1008.662	1.874186	1.978502	0.4300185	4.505409
5028	-4459.854	-5468.38	1008.526	1.81167	1.877807	0.4700354	4.611068
5034	-4440.626	-5449.331	1008.705	1.81167	1.555916	0.4700354	4.630556
5040	-4443.694	-5451.292	1007.598	1.668505	1.768276	0.4700354	5.246143
5046	-4420.042	-5426.569	1006.527	1.60825	1.342658	0.3680302	6.13786
5052	-4415.565	-5421.427	1005.862	1.618409	2.379491	0.3680302	6.13786
5058	-4379.664	-5385.836	1006.173	1.574007	1.716062	0.4290693	6.13786
5064	-4417.711	-5424.077	1006.366	1.663279	2.062643	0.4107105	5.886165
5070	-4458.906	-5464.894	1005.988	1.663279	1.842497	0.3767262	6.200098
5076	-4448.637	-5455.045	1006.408	1.60305	2.361824	0.3767262	5.843652
5082	-4443.548	-5449.927	1006.38	1.631639	2.361824	0.3767262	5.843652
5088	-4416.424	-5423.439	1007.014	1.631639	2.189569	0.4045871	5.515804
5094	-4418.419	-5425.276	1006.857	1.648258	2.383497	0.4490136	5.491559
5100	-4443.614	-5450.962	1007.348	1.651572	1.609313	0.4294412	5.491559
5106	-4447.166	-5453.604	1006.438	1.694065	1.853887	0.5137932	5.799311
5112	-4472.156	-5478.424	1006.268	1.6765	2.175448	0.5137932	5.799311
5118	-4448.356	-5455.754	1007.398	1.730553	1.840114	0.5211966	5.249849
5124	-4445.71	-5452.86	1007.15	1.736865	2.369465	0.5211966	5.217823
5130	-4432.805	-5440.344	1007.539	1.723084	1.722465	0.5211966	5.217823
5136	-4434.999	-5442.379	1007.379	1.714091	1.993473	0.5211966	5.217823
5142	-4454.784	-5461.252	1006.468	1.714091	1.794806	0.5211966	5.785785
5148	-4452.806	-5460.966	1008.16	1.801162	1.794806	0.4720425	4.848719
5154	-4440.201	-5448.304	1008.102	1.791494	1.794806	0.5225497	4.839727
5160	-4441.426	-5449.327	1007.901	1.78567	1.470833	0.5225497	5.079282
5166	-4443.141	-5451.592	1008.452	1.717045	1.470833	0.5057842	4.82611
5172	-4432.261	-5438.556	1006.295	1.717045	1.79746	0.5897735	5.820313
5178	-4423.489	-5431.881	1008.393	1.777994	1.686834	0.6052782	4.654297
5184	-4407.867	-5416.672	1008.804	1.778646	1.847485	0.4770084	4.477343
5190	-4444.063	-5452.305	1008.242	1.778646	2.28545	0.4461866	4.68211
5196	-4488.353	-5496.341	1007.988	1.778646	2.28545	0.4461866	4.82397
5202	-4471.106	-5476.438	1005.332	1.581927	2.043385	0.4392415	6.470483
5208	-4460.562	-5466.281	1005.719	1.611385	1.644305	0.4392415	6.38012
5214	-4467.997	-5474.524	1006.527	1.671338	1.644305	0.4392415	5.907817
5220	-4463.625	-5467.073	1003.447	1.515697	2.334044	0.4392415	7.435927
5226	-4454.052	-5457.758	1003.706	1.382159	2.690495	0.2198318	7.537906
5232	-4447.778	-5451.343	1003.565	1.417053	2.338156	0.2342914	7.665307
5238	-4469.147	-5473.857	1004.711	1.616587	1.441464	0.4128839	7.027444
5244	-4464.44	-5470.322	1005.882	1.582173	1.662471	0.4128839	6.327341
5250	-4456.012	-5462.113	1006.101	1.699663	1.510442	0.4659054	6.150551
5256	-4457.758	-5463.896	1006.138	1.605924	1.510442	0.4687934	6.178341
5262	-4426.276	-5432.044	1005.768	1.605924	2.201197	0.4296601	6.182113
5268	-4458.044	-5463.843	1005.799	1.590208	1.84766	0.4296601	6.285917
5274	-4444.56	-5449.884	1005.324	1.574167	1.852633	0.4296601	6.550334
5280	-4450.9	-5456.754	1005.854	1.668029	1.925148	0.4296601	6.18742
5286	-4417.826	-5423.473	1005.648	1.55307	1.925148	0.4296601	6.362176
5292	-4432.934	-5439.337	1006.403	1.60358	1.845447	0.4296601	5.950501
5298	-4407.468	-5414.124	1006.656	1.595634	1.845447	0.3451058	5.907306
5304	-4402.397	-5409.392	1006.995	1.676761	1.845447	0.4192858	5.596671
5310	-4405.664	-5412.427	1006.764	1.652886	2.312317	0.4131561	5.596671
5316	-4407.778	-5414.793	1007.015	1.662637	2.312317	0.4787692	5.388308
5322	-4435.634	-5443.087	1007.453	1.760533	1.984567	0.4787692	5.192903
5328	-4435.006	-5442.094	1007.088	1.714762	1.978015	0.4033977	5.497088
5334	-4446.426	-5453.208	1006.782	1.68311	2.076224	0.4033977	5.650807
5340	-4416.586	-5423.619	1007.033	1.695508	2.076224	0.4813229	5.429101
5346	-4452.401	-5459.254	1006.853	1.695508	2.076224	0.3917218	5.617418
5352	-4429.925	-5436.698	1006.773	1.678614	2.076224	0.4179377	5.643394
5358	-4439.68	-5447.247	1007.567	1.678614	2.076224	0.3917302	5.233482
5364	-4415.055	-5422.785	1007.729	1.623544	3.667104	0.2538934	4.949808
5370	-4444.777	-5453.61	1008.833	1.750585	3.346564	0.2538934	4.327626
5376	-4458.97	-5467.78	1008.809	1.750585	3.346564	0.2629318	4.327626
5382	-4458.609	-5467.382	1008.773	1.750585	3.346564	0.3203216	4.271269
5388	-4465.824	-5471.543	1005.719	1.629427	2.283086	0.3482661	6.259205
5394	-4489.789	-5496.092	1006.303	1.607244	2.298853	0.3482661	5.948555
5400	-4483.495	-5489.401	1005.906	1.607244	2.298853	0.404154	6.104106
5406	-4471.464	-5477.412	1005.948	1.545055	2.457145	0.3638446	6.114458
5412	-4441.705	-5447.144	1005.439	1.542652	2.457145	0.3149296	6.449115
5418	-4447.5	-5453.641	1006.141	1.531748	1.852046	0.3733131	6.18887
5424	-4428.098	-5433.923	1005.825	1.617915	1.852046	0.4997672	6.18887
5430	-4438.875	-5445.547	1006.672	1.619198	1.852046	0.3414935	5.887944
5436	-4456.301	-5463.988	1007.688	1.786091	1.852046	0.4515484	5.119748
5442	-4454.517	-5462.097	1007.58	1.786091	1.764658	0.4700708	5.191856
5448	-4447.757	-5455.597	1007.84	1.701932	2.357035	0.4700708	4.905208
5454	-4431.277	-5438.959	1007.682	1.750814	2.357035	0.3828089	5.055316
5460	-4432.084	-5439.399	1007.315	1.632873	2.357035	0.3828089	5.323953
5466	-4423.16	-5427.484	1004.323	1.454803	2.271082	0.3828089	7.073327
5472	-4450.048	-5453.074	1003.026	1.537895	2.014527	0.3037069	7.891299
5478	-4409.114	-5412.147	1003.033	1.462135	1.618191	0.3037069	8.062054
5484	-4422.087	-5424.569	1002.482	1.432751	1.618191	0.3577882	8.307681
5490	-4432.799	-5435.26	1002.46	1.454646	1.618191	0.3577882	8.307681
5496	-4438.009	-5439.956	1001.948	1.429596	2.137564	0.4933824	8.288855
5502	-4420.29	-5420.065	999.7747	1.468161	2.675048	0.4933824	9.275677
5508	-4440.77	-5443.778	1003.008	1.577112	2.675048	0.4933824	7.498107
5514	-4441.741	-5444.521	1002.78	1.57036	2.675048	0.6491397	7.498107
5520	-4451.33	-5456.317	1004.987	1.626891	2.260217	0.4116909	6.595534
5526	-4432.29	-5438.118	1005.828	1.550726	1.900934	0.3404398	6.369295
5532	-4439.457	-5442.549	1003.092	1.512515	1.605981	0.3404398	7.964673
5538	-4420.662	-5426.208	1005.547	1.560032	2.002956	0.30367	6.528338
5544	-4418.758	-5424.438	1005.68	1.512108	2.002956	0.3550595	6.420811
5550	-4430.063	-5434.387	1004.324	1.47651	1.859496	0.3550595	7.218562
5556	-4407.941	-5411.669	1003.728	1.430407	1.998411	0.3933979	7.476632
5562	-4418.144	-5424.44	1006.296	1.531326	1.998411	0.3933979	6.034698
5568	-4390.392	-5397.256	1006.864	1.593062	1.983743	0.4032231	5.684879
5574	-4414.76	-5422.194	1007.434	1.695313	1.793878	0.4269274	5.35481
