Iteration	Posterior	Likelihood	Prior	rate_log_sd	rate_loss	rate_neo	tree_length
0	-4459.444	-5463.401	1003.958	1.466287	1.304552	0.3935035	7.589853
6	-4437.956	-5442.702	1004.747	1.542601	1.246091	0.3935035	7.151787
12	-4446.055	-5451.4	1005.344	1.565701	1.469965	0.4593433	6.65586
18	-4442.594	-5447.162	1004.568	1.565814	1.236145	0.4593433	7.174405
24	-4441.953	-5446.807	1004.854	1.588579	2.130574	0.4637237	6.674922
30	-4431.363	-5438.248	1006.885	1.675706	1.754386	0.4637237	5.645673
36	-4436.673	-5444.441	1007.768	1.73958	1.754386	0.5161774	5.074699
42	-4435.024	-5441.483	1006.459	1.633487	1.751227	0.5161774	5.854616
48	-4406.707	-5412.905	1006.199	1.618416	1.751227	0.433552	6.082413
54	-4425.611	-5431.852	1006.241	1.651512	1.916059	0.3427716	6.082413
60	-4407.157	-5410.183	1003.027	1.372559	1.956874	0.3557117	7.936124
66	-4423.681	-5425.369	1001.688	1.372559	2.428437	0.2951795	8.582864
72	-4411.407	-5412.937	1001.53	1.291669	2.428437	0.2951795	8.709677
78	-4414.985	-5415.524	1000.538	1.273422	2.428437	0.3215047	9.212326
84	-4442.844	-5445.649	1002.805	1.357069	2.428437	0.3215047	7.964414
90	-4411.46	-5414.459	1002.999	1.356775	2.428437	0.3748222	7.801009
96	-4422.544	-5425.074	1002.53	1.320681	2.137128	0.3748222	8.152644
102	-4446.094	-5446.524	1000.43	1.317483	2.569716	0.3748222	9.15005
108	-4451.883	-5453.956	1002.073	1.309166	3.000773	0.2751217	8.297271
114	-4424.684	-5425.479	1000.795	1.386438	2.117138	0.2843927	9.149552
120	-4455.241	-5457.579	1002.338	1.401192	1.663564	0.2843927	8.471704
126	-4449.143	-5450.274	1001.131	1.327972	2.463378	0.2949104	8.892954
132	-4452.463	-5454.837	1002.374	1.432876	1.999391	0.3286307	8.26916
138	-4431.169	-5434.887	1003.718	1.465512	1.850517	0.4067058	7.497274
144	-4402.687	-5407.696	1005.009	1.493877	1.563312	0.3033731	7.007333
150	-4408.73	-5411.654	1002.924	1.40716	2.117616	0.3784424	7.898262
156	-4440.586	-5444.116	1003.53	1.43984	2.117616	0.2621368	7.696432
162	-4426.686	-5431.208	1004.522	1.382282	2.233683	0.2621368	7.161396
168	-4421.01	-5425.145	1004.135	1.368807	3.349153	0.2673872	7.096919
174	-4402.537	-5405.589	1003.051	1.414767	2.369844	0.3767309	7.755776
180	-4429.331	-5434.636	1005.305	1.495466	1.931018	0.3603677	6.649857
186	-4412.904	-5418.047	1005.143	1.4662	2.040193	0.3859606	6.690639
192	-4429.56	-5436.24	1006.68	1.55149	2.415293	0.3559419	5.731296
198	-4427.929	-5433.486	1005.557	1.55149	2.415293	0.3360982	6.366762
204	-4405.949	-5411.827	1005.878	1.520582	2.012674	0.2954728	6.377113
210	-4413.732	-5418.559	1004.827	1.437079	2.012674	0.3374158	6.939614
216	-4414.446	-5416.956	1002.51	1.491734	2.012674	0.3374158	8.151268
222	-4421.174	-5424.728	1003.554	1.46138	2.346164	0.3374158	7.511873
228	-4419.002	-5422.275	1003.273	1.483928	2.346164	0.4722646	7.511873
234	-4417.398	-5418.347	1000.95	1.350812	2.765033	0.5238337	8.667285
240	-4419.247	-5420.527	1001.28	1.434268	2.765033	0.4817902	8.484719
246	-4455.685	-5458.291	1002.606	1.442267	2.479415	0.4125572	7.911856
252	-4439.775	-5444.591	1004.815	1.461174	2.479415	0.3900012	6.739386
258	-4439.33	-5444.316	1004.986	1.509519	2.479415	0.3546039	6.659702
264	-4416.294	-5422.269	1005.975	1.56563	2.415561	0.3135346	6.158736
270	-4423.851	-5427.359	1003.509	1.46644	2.415561	0.4107308	7.43532
276	-4417.653	-5421.069	1003.416	1.459336	2.06746	0.3134786	7.696407
282	-4434.752	-5437.597	1002.845	1.380439	2.696434	0.3576093	7.820317
288	-4427.197	-5430.168	1002.97	1.429748	2.338779	0.3576093	7.820317
294	-4401.707	-5405.121	1003.415	1.447764	2.5541	0.2530404	7.645046
300	-4409.559	-5411.72	1002.161	1.403862	2.778882	0.2530404	8.281154
306	-4403.864	-5405.633	1001.769	1.421318	2.330191	0.339707	8.487442
312	-4420.82	-5423.592	1002.772	1.47575	2.403557	0.339707	7.903935
318	-4396.378	-5402.828	1006.451	1.609876	2.110745	0.2964612	5.98546
324	-4432.9	-5438.692	1005.791	1.694751	2.110745	0.3431234	6.241415
330	-4408.107	-5412.628	1004.521	1.626398	2.494148	0.3629307	6.83472
336	-4425.639	-5431.184	1005.545	1.690953	1.817901	0.4536172	6.35571
342	-4430.864	-5436.553	1005.689	1.630794	1.619205	0.3816702	6.454449
348	-4442.11	-5448.309	1006.198	1.55922	1.305298	0.4317562	6.293163
354	-4444.218	-5450.422	1006.205	1.643099	1.687954	0.4317562	6.090399
360	-4440.186	-5447.012	1006.826	1.736873	2.036575	0.4040881	5.608951
366	-4423.487	-5430.599	1007.112	1.709313	2.154062	0.4040881	5.430406
372	-4428.691	-5436.615	1007.924	1.738733	2.077783	0.4075372	4.985049
378	-4419.394	-5427.207	1007.814	1.81902	1.880298	0.499759	4.975882
384	-4432.442	-5440.477	1008.035	1.801044	1.860419	0.499759	4.869723
390	-4454.249	-5462.312	1008.063	1.801044	1.816207	0.499759	4.869723
396	-4421.229	-5429.432	1008.203	1.754506	1.816207	0.4174875	4.897889
402	-4432.35	-5439.789	1007.439	1.659055	2.295425	0.410348	5.22895
408	-4430.633	-5438.052	1007.419	1.678526	2.336102	0.410348	5.21789
414	-4397.539	-5402.87	1005.331	1.629506	2.40903	0.4029215	6.374669
420	-4398.336	-5403.8	1005.464	1.586076	1.780981	0.4029215	6.519739
426	-4408.577	-5414.531	1005.954	1.644297	1.677522	0.4779159	6.185383
432	-4406.605	-5411.709	1005.105	1.540957	1.924046	0.3972959	6.69617
438	-4405.332	-5412.096	1006.764	1.585237	1.679672	0.3972959	5.854876
444	-4448.617	-5454.939	1006.322	1.600334	2.108476	0.3921512	5.950115
450	-4458.396	-5464.316	1005.919	1.618091	1.533683	0.4799179	6.271297
456	-4456.036	-5461.621	1005.585	1.671666	1.856421	0.5812984	6.218794
462	-4461.669	-5466.841	1005.172	1.734805	2.150066	0.5812984	6.315455
468	-4460.613	-5464.376	1003.763	1.541617	1.55036	0.5812984	7.382771
474	-4450.875	-5454.689	1003.814	1.497497	1.796848	0.5812984	7.289874
480	-4445.748	-5452.319	1006.571	1.593711	2.181152	0.2973823	5.905878
486	-4429.954	-5436.644	1006.69	1.583629	2.641784	0.365205	5.63731
492	-4401.196	-5407.295	1006.098	1.552087	2.345794	0.3378644	6.089067
498	-4421.403	-5427.418	1006.015	1.575039	2.345794	0.331522	6.129571
504	-4435.057	-5441.508	1006.45	1.632687	2.566188	0.320951	5.81331
510	-4431.643	-5437.233	1005.59	1.525429	2.446593	0.320951	6.37228
516	-4430.043	-5434.48	1004.437	1.537513	1.873914	0.4381209	7.033276
522	-4413.435	-5418.855	1005.42	1.537513	1.724092	0.4381209	6.554261
528	-4424.452	-5429.407	1004.955	1.55156	1.724092	0.4381209	6.798137
534	-4431.898	-5436.495	1004.597	1.490277	1.724092	0.4381209	7.024197
540	-4415.167	-5420.66	1005.493	1.461909	1.514219	0.3989136	6.673989
546	-4416.779	-5422.084	1005.305	1.535534	1.514219	0.3989136	6.736016
552	-4418.039	-5423.666	1005.627	1.586895	1.514219	0.3989136	6.533883
558	-4424.794	-5430.722	1005.929	1.624195	2.119955	0.483481	6.057499
564	-4444.906	-5450.119	1005.213	1.563133	1.517083	0.4970908	6.674631
570	-4421.141	-5427.021	1005.88	1.563133	1.590895	0.4986458	6.283297
576	-4406.495	-5410.997	1004.502	1.527825	2.04365	0.435146	6.951786
582	-4405.958	-5411.867	1005.908	1.575244	2.356813	0.4511078	6.056429
588	-4404.221	-5411.044	1006.823	1.744364	2.356813	0.4746437	5.440251
594	-4406.003	-5412.342	1006.339	1.68615	2.356813	0.4746437	5.737976
600	-4404.92	-5412.248	1007.328	1.752904	1.774368	0.5849401	5.244778
606	-4397.729	-5404.704	1006.975	1.742105	2.7045	0.3785024	5.362525
612	-4408.472	-5415.05	1006.577	1.60197	2.7045	0.3045527	5.745305
618	-4453.973	-5461.244	1007.27	1.618963	1.76708	0.3840654	5.541725
624	-4430.752	-5438.489	1007.738	1.724908	1.814488	0.4641204	5.126606
630	-4420.714	-5429.082	1008.368	1.736894	1.930979	0.4301921	4.763057
636	-4440.591	-5448.691	1008.1	1.801182	2.121548	0.5009792	4.746524
642	-4395.6	-5404.177	1008.577	1.801182	1.843521	0.453879	4.616412
648	-4410.053	-5417.894	1007.841	1.754819	1.843521	0.453879	5.052731
654	-4406.194	-5413.157	1006.963	1.63763	1.843521	0.453879	5.601854
660	-4435.88	-5442.018	1006.139	1.610344	1.722273	0.4901197	6.075886
666	-4427.155	-5431.859	1004.704	1.572811	1.722273	0.5593529	6.814338
672	-4421.896	-5426.381	1004.485	1.564017	2.338766	0.5127633	6.782642
678	-4407.718	-5411.552	1003.833	1.551347	2.338766	0.68599	7.004424
684	-4427.015	-5430.164	1003.149	1.558857	2.22341	0.68599	7.40115
690	-4432.972	-5436.405	1003.433	1.631516	2.22341	0.6877343	7.208162
696	-4429.355	-5434.239	1004.883	1.681132	2.386762	0.5796258	6.434384
702	-4433.172	-5435.454	1002.282	1.488521	2.795755	0.5630412	7.84514
708	-4434.39	-5437.228	1002.838	1.479956	2.322567	0.3325287	7.897218
714	-4418	-5421.721	1003.72	1.470633	2.089161	0.3986811	7.425422
720	-4426.08	-5429.349	1003.269	1.47067	2.271509	0.2523726	7.788148
726	-4438.462	-5441.663	1003.201	1.47067	2.271509	0.3108818	7.748288
732	-4437.186	-5440.864	1003.679	1.453474	2.271509	0.3415768	7.465584
738	-4439.584	-5442.633	1003.049	1.430118	2.271509	0.3415768	7.814863
744	-4439.006	-5444.145	1005.139	1.489515	1.777172	0.3275401	6.832553
750	-4411.955	-5416.741	1004.786	1.586072	1.777172	0.4581244	6.832553
756	-4397.979	-5402.869	1004.89	1.609392	1.777172	0.4581244	6.764016
762	-4418.885	-5422.04	1003.155	1.509785	1.777172	0.4339649	7.772245
768	-4419.457	-5422.785	1003.328	1.502749	1.614573	0.4034605	7.772245
774	-4407.626	-5410.818	1003.192	1.447977	2.05412	0.4220509	7.707621
780	-4410.671	-5412.929	1002.258	1.480723	2.05412	0.3586066	8.254699
786	-4407.957	-5410.987	1003.03	1.460929	1.698745	0.3471576	7.983555
792	-4427.396	-5430.121	1002.726	1.470065	1.736036	0.343168	8.132416
798	-4411.818	-5415.873	1004.055	1.465886	2.06737	0.4444016	7.209243
804	-4403.94	-5409.242	1005.302	1.515201	2.231166	0.363067	6.545478
810	-4414.26	-5417.974	1003.714	1.543684	1.526164	0.4070444	7.57362
816	-4450.744	-5454.549	1003.805	1.453147	1.526164	0.4070444	7.57362
822	-4443.436	-5447.905	1004.469	1.567477	1.914645	0.4216081	7.002983
828	-4446.421	-5451.169	1004.748	1.564157	1.730857	0.336996	7.008095
834	-4440.486	-5444.863	1004.377	1.633794	1.730857	0.336996	7.170003
840	-4434.235	-5439.917	1005.682	1.633794	1.763135	0.4000148	6.384994
846	-4436.162	-5439.979	1003.817	1.551633	2.349404	0.379616	7.274682
852	-4427.023	-5431.414	1004.392	1.478864	1.870642	0.2861606	7.259969
858	-4412.667	-5414.507	1001.84	1.370298	1.817335	0.3478998	8.623368
864	-4406.799	-5408.325	1001.526	1.3727	1.578189	0.3478998	8.873069
870	-4427.647	-5429.502	1001.855	1.404605	1.719688	0.3361285	8.644061
876	-4415.846	-5418.643	1002.798	1.477566	1.719688	0.3335995	8.106653
882	-4420.477	-5424.249	1003.772	1.516863	1.719688	0.3307749	7.568514
888	-4443.054	-5444.983	1001.929	1.470558	1.719688	0.3611981	8.541361
894	-4437.877	-5441.315	1003.439	1.436246	1.9094	0.3120436	7.747987
900	-4404.421	-5407.618	1003.197	1.434672	2.11055	0.3120436	7.815293
906	-4424.237	-5427.412	1003.175	1.431523	1.981231	0.3581359	7.815293
912	-4421.579	-5420.749	999.1694	1.372078	1.737334	0.4299917	9.975433
918	-4427.363	-5430.223	1002.861	1.385567	2.25434	0.412028	7.868716
924	-4413.925	-5416.151	1002.226	1.390271	2.510126	0.3337855	8.219173
930	-4412.345	-5415.383	1003.038	1.473968	1.893832	0.3182246	7.939783
936	-4408.959	-5412.719	1003.76	1.414998	2.180364	0.3182246	7.496317
942	-4432.032	-5437.154	1005.122	1.618102	2.508358	0.3511955	6.523805
948	-4431.62	-5437.877	1006.257	1.594118	2.508358	0.3511955	5.9198
954	-4417.207	-5423.339	1006.132	1.602183	1.663105	0.3468651	6.252129
960	-4407.569	-5414.013	1006.443	1.582868	1.663105	0.4084471	6.025916
966	-4429.016	-5434.478	1005.462	1.517836	1.934869	0.3813846	6.528784
972	-4444.94	-5449.206	1004.266	1.455347	2.225858	0.2971936	7.215812
978	-4429.505	-5434.489	1004.984	1.573274	2.225858	0.4030598	6.644732
984	-4442.158	-5447.799	1005.641	1.605077	1.891286	0.4825707	6.298113
990	-4433.592	-5440.723	1007.131	1.656092	2.154615	0.439002	5.413362
996	-4449.23	-5456.931	1007.7	1.667481	1.917985	0.440217	5.167084
1002	-4446.336	-5453.918	1007.582	1.70091	1.917985	0.440217	5.214178
1008	-4434.774	-5441.455	1006.681	1.679323	1.95365	0.4048937	5.745879
1014	-4437.103	-5439.484	1002.381	1.550762	1.95365	0.3026245	8.248278
1020	-4416.494	-5417.553	1001.059	1.391863	2.507169	0.3026245	8.875905
1026	-4445.22	-5444.824	999.6048	1.38146	2.507169	0.2857946	9.671128
1032	-4416.867	-5418.124	1001.257	1.285945	3.255598	0.2071836	8.783653
1038	-4438.338	-5438.71	1000.372	1.418826	2.786946	0.2165963	9.272612
1044	-4420.995	-5421.693	1000.698	1.315524	3.467055	0.2102224	9.016217
1050	-4412.584	-5414.349	1001.765	1.427183	2.696957	0.1881601	8.596748
1056	-4423.063	-5426.307	1003.244	1.451818	3.263796	0.2525478	7.568728
1062	-4437.362	-5441.904	1004.542	1.573442	2.238372	0.2816009	7.020377
1068	-4430.401	-5433.592	1003.191	1.501227	1.958542	0.3725942	7.760642
1074	-4438.907	-5440.359	1001.453	1.498591	1.958542	0.271246	8.807715
1080	-4456.281	-5462.335	1006.054	1.682335	1.824963	0.5157937	6.023873
1086	-4422.225	-5429.355	1007.131	1.737975	1.629441	0.5157937	5.474138
1092	-4426.527	-5433.661	1007.135	1.706876	1.89012	0.4330204	5.474138
1098	-4449.656	-5455.817	1006.162	1.630287	2.081024	0.4330204	5.987491
1104	-4428.375	-5428.115	999.7399	1.477509	2.024238	0.2107825	9.789078
1110	-4428.726	-5427.559	998.8331	1.329831	2.024238	0.2514348	10.28524
1116	-4439.505	-5438.402	998.8978	1.323732	2.75625	0.3043317	9.989061
1122	-4434.624	-5434.377	999.7531	1.356551	2.715039	0.1944581	9.683725
1128	-4425.07	-5426.355	1001.285	1.38185	2.638665	0.1815507	8.900681
1134	-4429.626	-5430.752	1001.126	1.430091	2.638665	0.2375955	8.873067
1140	-4450.899	-5451.069	1000.17	1.31059	2.306322	0.2375955	9.52862
1146	-4437.452	-5438.066	1000.613	1.387064	2.178738	0.2375955	9.290338
1152	-4438.302	-5439.938	1001.637	1.42225	2.505612	0.2493032	8.623593
1158	-4421.416	-5422.879	1001.463	1.42225	2.505612	0.3008824	8.648357
1164	-4407.17	-5409.145	1001.974	1.481794	1.952053	0.2595161	8.557537
1170	-4422.417	-5424.501	1002.084	1.44083	1.883773	0.2973996	8.493835
1176	-4423.501	-5425.07	1001.569	1.393608	2.033887	0.2785866	8.768365
1182	-4383.775	-5385.261	1001.486	1.393608	2.139469	0.2882878	8.768365
1188	-4401.752	-5402.55	1000.798	1.393608	1.884852	0.2882878	9.211562
1194	-4402.802	-5405.691	1002.889	1.375327	1.884852	0.3216109	8.070321
1200	-4410.258	-5412.408	1002.15	1.431142	2.086181	0.327958	8.363535
1206	-4409.272	-5411.481	1002.209	1.356907	2.04798	0.246009	8.487791
1212	-4436.644	-5437.015	1000.372	1.469539	2.339864	0.2449985	9.318659
1218	-4437.494	-5435.945	998.4508	1.258619	1.636495	0.3095061	10.57755
1224	-4435.915	-5434.438	998.5226	1.260071	1.636495	0.2903771	10.56247
1230	-4443.398	-5443.463	1000.066	1.289957	2.081541	0.2966045	9.581032
1236	-4409.872	-5407.515	997.6426	1.296676	2.081541	0.261219	10.8969
1242	-4431.391	-5429.442	998.0502	1.264085	2.70551	0.261219	10.53301
1248	-4431.89	-5433.254	1001.363	1.437688	2.829169	0.1918542	8.766385
1254	-4423.402	-5428.527	1005.125	1.546447	1.327714	0.4053327	6.897677
1260	-4438.727	-5442.713	1003.986	1.496794	1.636358	0.4480642	7.37107
1266	-4431.973	-5434.529	1002.556	1.465288	1.934543	0.4480642	8.04979
1272	-4410.731	-5414.496	1003.765	1.476581	2.258058	0.381831	7.366479
1278	-4428.081	-5432.21	1004.129	1.476581	1.56249	0.3814039	7.399915
1284	-4451.417	-5454.526	1003.11	1.441751	1.507819	0.4635789	7.903374
1290	-4431.672	-5435.47	1003.798	1.489085	1.609162	0.4199204	7.513438
1296	-4428.455	-5433.046	1004.591	1.49914	1.540049	0.4408686	7.088056
1302	-4414.401	-5419.314	1004.912	1.514593	1.681154	0.4411424	6.853562
1308	-4442.72	-5447.344	1004.624	1.505681	1.681154	0.5175196	6.943763
1314	-4459.682	-5458.996	999.3141	1.412649	1.536883	0.3755763	10.00538
1320	-4444.868	-5449.352	1004.484	1.518227	1.458531	0.3978211	7.210913
1326	-4437.642	-5443.262	1005.62	1.60645	1.458531	0.3978211	6.550494
1332	-4440.648	-5444.433	1003.785	1.484181	1.607415	0.4530171	7.491282
1338	-4426.119	-5431.409	1005.29	1.503225	1.645446	0.4416062	6.66863
1344	-4434.464	-5439.155	1004.692	1.510515	1.852452	0.4416062	6.91459
1350	-4442.609	-5448.162	1005.553	1.571139	1.987346	0.3607969	6.456393
1356	-4464.774	-5468.783	1004.009	1.522663	1.850812	0.4325756	7.28461
1362	-4453.729	-5457.289	1003.56	1.480917	1.856223	0.311475	7.677401
1368	-4452.467	-5456.733	1004.266	1.464015	1.584809	0.311475	7.404584
1374	-4435.31	-5438.98	1003.671	1.435277	1.973725	0.311475	7.60449
1380	-4442.177	-5447.662	1005.485	1.539598	1.94336	0.3257966	6.564657
1386	-4439.669	-5446.551	1006.881	1.590798	1.464672	0.3851148	5.884174
1392	-4442.48	-5449.27	1006.791	1.679285	1.989021	0.3866709	5.693907
1398	-4431.516	-5436.601	1005.086	1.645631	1.989021	0.368834	6.659438
1404	-4422.118	-5428.233	1006.114	1.640638	1.989021	0.3508702	6.12434
1410	-4401.456	-5402.435	1000.979	1.351262	2.320113	0.3264324	8.96135
1416	-4404.711	-5405.237	1000.527	1.445948	2.320113	0.3611761	9.111507
1422	-4447.52	-5449.502	1001.982	1.423146	1.495127	0.334355	8.651757
1428	-4440.158	-5440.703	1000.545	1.461756	1.658375	0.3924656	9.267924
1434	-4413.602	-5412.131	998.529	1.393452	1.68225	0.3220022	10.4346
1440	-4414.983	-5411.087	996.1035	1.259059	1.755998	0.263341	11.82213
1446	-4418.151	-5416.795	998.6446	1.363516	1.44622	0.3008328	10.50309
1452	-4400.944	-5398.62	997.6758	1.330335	1.44622	0.2489384	11.09553
1458	-4399.644	-5398.109	998.4653	1.375551	1.862217	0.3137626	10.42617
1464	-4401.218	-5401.98	1000.762	1.390239	1.916622	0.3014488	9.205475
1470	-4392.506	-5396.139	1003.633	1.519911	1.916622	0.3014488	7.609934
1476	-4393.337	-5396.126	1002.789	1.449621	1.916622	0.3465695	8.044852
1482	-4425.26	-5431.12	1005.86	1.535973	1.961758	0.4117197	6.262103
1488	-4426.888	-5432.755	1005.866	1.644625	2.067585	0.4117197	6.166264
1494	-4421.623	-5426.675	1005.052	1.61265	2.097724	0.4058554	6.622045
1500	-4423.041	-5428.429	1005.388	1.540543	2.781353	0.4058554	6.292624
1506	-4405.601	-5411.271	1005.67	1.544204	2.384877	0.3362898	6.317431
1512	-4420.949	-5427.56	1006.61	1.573699	2.354186	0.3362898	5.797394
1518	-4413.741	-5420.943	1007.201	1.616748	2.354186	0.3362898	5.449446
1524	-4424.787	-5433.048	1008.261	1.663995	2.288068	0.3362898	4.855399
1530	-4436.028	-5442.71	1006.682	1.672398	1.971377	0.5273027	5.626568
1536	-4419.554	-5427.222	1007.668	1.643393	2.013534	0.3766375	5.233922
1542	-4401.902	-5409.656	1007.754	1.679837	2.013534	0.3921128	5.148898
1548	-4385.183	-5392.453	1007.27	1.639251	2.013534	0.3492426	5.48689
1554	-4406.421	-5413.019	1006.598	1.706927	2.377173	0.4357145	5.616808
1560	-4409.389	-5416.378	1006.989	1.706927	2.620266	0.4256072	5.34588
1566	-4419.812	-5426.462	1006.65	1.693659	2.740963	0.3639362	5.575026
1572	-4420.522	-5426.87	1006.347	1.715453	1.749051	0.3485409	6.040236
1578	-4398.687	-5405.737	1007.05	1.657324	2.372428	0.4033048	5.430107
1584	-4426.442	-5433.729	1007.287	1.671309	1.882484	0.38659	5.461119
1590	-4406.491	-5414.249	1007.758	1.716441	1.882484	0.3648593	5.200144
1596	-4412.912	-5420.165	1007.253	1.626059	1.41514	0.3936186	5.672877
1602	-4404.747	-5410.618	1005.871	1.645525	1.41514	0.512488	6.301038
1608	-4401.008	-5405.99	1004.982	1.546499	1.567695	0.4263027	6.855406
1614	-4434.897	-5440.014	1005.117	1.527737	1.645691	0.3966932	6.793528
1620	-4451.552	-5456.268	1004.716	1.506671	2.382282	0.3233667	6.8697
1626	-4490.388	-5494.318	1003.93	1.379261	2.071503	0.3233667	7.451041
1632	-4474.032	-5478.084	1004.052	1.433876	1.954888	0.3537137	7.357688
1638	-4458.871	-5461.872	1003.001	1.457437	1.765025	0.3537137	7.970285
1644	-4459.37	-5462.233	1002.864	1.352486	1.765025	0.3478797	8.106199
1650	-4450.742	-5455.567	1004.825	1.523072	2.012222	0.4072983	6.817889
1656	-4442.942	-5448.342	1005.401	1.60119	1.569597	0.4010598	6.624877
1662	-4427.204	-5432.982	1005.778	1.615104	1.569597	0.366932	6.449514
1668	-4412.13	-5418.483	1006.353	1.564291	1.862657	0.3422098	6.087554
1674	-4400.981	-5406.115	1005.134	1.575566	1.862657	0.3422098	6.74243
1680	-4408.744	-5413.463	1004.719	1.513075	1.74235	0.3422098	7.041046
1686	-4394.308	-5397.424	1003.116	1.427563	1.747297	0.3811925	7.901178
1692	-4417.701	-5420.761	1003.06	1.446915	1.282328	0.3649776	8.119638
1698	-4401.635	-5406.199	1004.564	1.446006	1.618346	0.3649776	7.179959
1704	-4413.803	-5419.205	1005.402	1.50734	1.783754	0.3558121	6.645934
1710	-4403.102	-5410.067	1006.965	1.64768	1.783754	0.4855545	5.585724
1716	-4404.476	-5411.392	1006.917	1.640298	1.862295	0.3726839	5.703451
1722	-4404.793	-5412.272	1007.479	1.687966	1.949547	0.3726839	5.338996
1728	-4427.487	-5434.894	1007.407	1.698472	1.949547	0.403605	5.338996
1734	-4402.947	-5410.615	1007.668	1.721744	1.806934	0.4761718	5.158052
1740	-4420.378	-5429.003	1008.625	1.858305	1.592432	0.4299597	4.67491
1746	-4399.948	-5408.849	1008.901	1.784184	1.653552	0.4205316	4.547464
1752	-4401.291	-5408.996	1007.706	1.729493	1.904215	0.4205316	5.154573
1758	-4413.306	-5421.552	1008.246	1.76251	1.403857	0.4205316	5.026183
1764	-4402.86	-5409.519	1006.659	1.68218	1.847316	0.4055915	5.79164
1770	-4433.729	-5440.077	1006.348	1.678545	2.275868	0.4562117	5.777949
1776	-4414.427	-5421.569	1007.142	1.63806	2.275868	0.3289716	5.50158
1782	-4420.866	-5426.126	1005.26	1.55403	1.935823	0.371337	6.62903
1788	-4426.986	-5432.748	1005.762	1.581652	1.581891	0.4148726	6.42089
1794	-4435.218	-5441.034	1005.816	1.563074	1.853248	0.3635349	6.359157
1800	-4425.489	-5430.801	1005.312	1.591312	1.853248	0.4332437	6.543762
1806	-4428.242	-5433.996	1005.754	1.605141	1.839737	0.4332437	6.301138
1812	-4426.841	-5431.618	1004.776	1.50673	1.588602	0.43802	6.968365
1818	-4425.836	-5430.269	1004.433	1.538558	2.053226	0.3703084	7.047361
1824	-4426.785	-5430.983	1004.199	1.480424	2.053226	0.352725	7.224022
1830	-4438.728	-5442.4	1003.672	1.451513	2.019806	0.352725	7.532277
1836	-4447.306	-5450.699	1003.393	1.451513	2.337805	0.2455031	7.722823
1842	-4430.341	-5434.31	1003.968	1.432718	3.338671	0.2432647	7.187891
1848	-4427.028	-5430.476	1003.448	1.446127	3.338671	0.2240285	7.487731
1854	-4438.006	-5440.885	1002.88	1.430281	3.223562	0.2308117	7.814835
1860	-4445.852	-5446.673	1000.821	1.404401	2.449069	0.2308117	9.106604
1866	-4463.005	-5464.022	1001.017	1.28067	2.01194	0.2950508	9.106604
1872	-4431.653	-5436.856	1005.202	1.498588	1.679156	0.3117539	6.847251
1878	-4453.622	-5457.089	1003.467	1.502689	2.221827	0.2376521	7.699922
1884	-4441.019	-5442.225	1001.206	1.430293	2.475761	0.2376521	8.872063
1890	-4412.437	-5414.951	1002.513	1.553517	1.714512	0.3049281	8.253818
1896	-4426.24	-5429.35	1003.11	1.429455	1.514875	0.3267126	8.049718
1902	-4425.785	-5428.359	1002.575	1.466605	1.514875	0.2990302	8.348199
1908	-4441.486	-5446.056	1004.57	1.522773	2.122629	0.4150121	6.914149
1914	-4466.05	-5468.609	1002.559	1.422641	2.122629	0.4150121	8.04533
1920	-4409.634	-5413.36	1003.727	1.479513	2.375894	0.3008831	7.445377
1926	-4445.477	-5450.776	1005.299	1.594469	2.629602	0.2208281	6.579715
1932	-4442.825	-5448.165	1005.339	1.495415	3.246065	0.2791691	6.384307
1938	-4438.984	-5445.858	1006.874	1.698676	3.244554	0.2791691	5.435345
1944	-4427.476	-5429.443	1001.967	1.405046	1.85675	0.2677426	8.621971
1950	-4427.258	-5428.126	1000.867	1.493415	1.889292	0.253208	9.166729
1956	-4406.443	-5408.836	1002.393	1.406202	1.911528	0.2689942	8.375561
1962	-4426.039	-5426.936	1000.897	1.357077	2.124005	0.3481396	9.033417
1968	-4417.869	-5420.543	1002.674	1.465821	2.687188	0.3270587	7.903017
1974	-4434.196	-5434.88	1000.684	1.464506	2.687188	0.3270587	8.961531
1980	-4430.942	-5431.314	1000.372	1.489908	1.823179	0.2792871	9.417372
1986	-4431.328	-5430.971	999.6436	1.463873	1.927729	0.2792871	9.781381
1992	-4422.97	-5424.499	1001.529	1.417616	2.024709	0.2333647	8.841577
1998	-4438.377	-5437.966	999.5887	1.27996	2.024709	0.2132425	9.968896
2004	-4443.657	-5442.242	998.5845	1.262093	2.125605	0.1870763	10.51701
2010	-4430.559	-5427.036	996.4767	1.282045	2.125605	0.2439757	11.5252
2016	-4422.719	-5418.655	995.9358	1.266461	2.41802	0.2532547	11.7221
2022	-4403.599	-5404.765	1001.166	1.374224	2.444384	0.2687048	8.888508
2028	-4400.703	-5401.023	1000.32	1.43789	2.444384	0.2040456	9.394899
2034	-4408.177	-5410.594	1002.416	1.43789	2.444384	0.2931083	8.158913
2040	-4410.876	-5414.833	1003.957	1.48166	1.678458	0.4554984	7.372187
2046	-4424.761	-5428.901	1004.14	1.471339	1.884845	0.3741653	7.290361
2052	-4415.968	-5419.708	1003.74	1.500207	1.884845	0.3577689	7.507869
2058	-4398.445	-5400.653	1002.208	1.37705	1.884845	0.3300363	8.422241
2064	-4397.485	-5396.176	998.6911	1.423483	1.634849	0.3982338	10.26759
2070	-4454.056	-5453.606	999.5497	1.408839	1.634849	0.3219141	9.906767
2076	-4441.93	-5438.995	997.065	1.316849	1.624406	0.3884785	11.19008
2082	-4432.895	-5428.759	995.8641	1.405423	1.572267	0.3799047	11.79946
2088	-4424.795	-5423.342	998.5475	1.320679	1.674965	0.2824637	10.51384
2094	-4421.813	-5421.194	999.3808	1.393312	1.854671	0.2611021	10.00435
2100	-4409.685	-5408.967	999.2821	1.45331	1.758179	0.3023156	10.00435
2106	-4399.578	-5397.655	998.0776	1.40467	1.96584	0.2391023	10.67779
2112	-4418.865	-5415.896	997.0312	1.316162	1.96584	0.3055506	11.18599
2118	-4420.88	-5418.266	997.386	1.281978	1.96584	0.2486914	11.09122
2124	-4408.125	-5405.79	997.6653	1.449555	2.080298	0.3106923	10.74287
2130	-4432.192	-5430.899	998.7062	1.391987	1.929436	0.2834766	10.30655
2136	-4422.438	-5423	1000.562	1.469744	1.487503	0.2834766	9.443223
2142	-4461.846	-5463.752	1001.905	1.568371	1.487503	0.3816265	8.566113
2148	-4458.607	-5459.723	1001.117	1.455948	1.871499	0.2954456	9.00532
2154	-4442.943	-5442.49	999.5472	1.478886	1.871499	0.2954456	9.821949
2160	-4415.83	-5414.395	998.5649	1.429144	1.871499	0.2954456	10.36487
2166	-4408.083	-5408.855	1000.772	1.491673	2.206138	0.2608857	9.110813
2172	-4398.836	-5399.787	1000.951	1.487618	1.651463	0.2608857	9.196262
2178	-4404.507	-5405.516	1001.009	1.406977	1.842887	0.2595495	9.144322
2184	-4435.014	-5433.285	998.2708	1.225667	2.410601	0.2595495	10.51437
2190	-4437.73	-5438.626	1000.896	1.304248	1.749629	0.2595495	9.289518
2196	-4468.354	-5469.341	1000.987	1.398375	1.749097	0.2714474	9.176226
2202	-4458.445	-5461.304	1002.86	1.398375	2.399381	0.2798683	7.972756
2208	-4422.919	-5424.88	1001.961	1.35672	1.961214	0.2798683	8.601318
2214	-4423.33	-5425.395	1002.065	1.400126	1.961214	0.3421704	8.447209
2220	-4436.842	-5437.414	1000.572	1.299082	2.116193	0.2153457	9.409739
2226	-4419.568	-5423.15	1003.581	1.422311	2.71459	0.2192227	7.577862
2232	-4449.677	-5450.402	1000.725	1.362675	3.098894	0.2333545	9.019621
2238	-4428.652	-5429.145	1000.492	1.378453	2.141185	0.3021278	9.284721
2244	-4463.078	-5463.529	1000.451	1.289882	2.103529	0.2766851	9.39633
2250	-4473.453	-5472.204	998.7515	1.401611	2.229516	0.2182459	10.2775
2256	-4449.531	-5449.229	999.6973	1.413893	2.061334	0.2615902	9.76123
2262	-4452.47	-5452.428	999.9579	1.413893	1.648635	0.2603919	9.76123
2268	-4439.823	-5442.533	1002.711	1.456693	1.648635	0.299973	8.229844
2274	-4445.368	-5447.272	1001.903	1.440181	1.595553	0.3121303	8.672357
2280	-4440.908	-5444.201	1003.292	1.483918	1.661285	0.325767	7.869486
2286	-4422.453	-5423.741	1001.288	1.409493	1.656357	0.3558645	8.942293
2292	-4423.266	-5426.716	1003.45	1.519813	1.844034	0.3447127	7.680498
2298	-4432.753	-5435.915	1003.162	1.496632	1.943696	0.3409195	7.818385
2304	-4436.271	-5438.807	1002.537	1.346152	1.943696	0.33745	8.236299
2310	-4434.851	-5438.959	1004.108	1.432677	2.552338	0.33745	7.175119
2316	-4414.304	-5416.612	1002.309	1.427409	1.906914	0.3718265	8.287924
2322	-4423.089	-5423.738	1000.649	1.349494	1.962237	0.3999437	9.162232
2328	-4419.183	-5419.719	1000.537	1.36203	1.962237	0.3112923	9.313115
2334	-4420.069	-5422.462	1002.394	1.429348	1.962237	0.3081798	8.296877
2340	-4417.34	-5420.158	1002.818	1.344745	1.917747	0.2919661	8.150344
2346	-4413.814	-5413.339	999.5251	1.315126	1.721526	0.2919661	9.974565
2352	-4446.258	-5448.274	1002.017	1.434329	1.42411	0.3084872	8.686338
2358	-4453.435	-5457.145	1003.711	1.455155	1.701629	0.3649016	7.602234
2364	-4456.27	-5459.429	1003.16	1.477723	1.566068	0.3800258	7.91807
2370	-4480.437	-5484.174	1003.736	1.533664	1.566068	0.35592	7.606268
2376	-4473.033	-5476.029	1002.996	1.539688	1.980313	0.35592	7.855886
2382	-4458.709	-5460.909	1002.199	1.448974	2.225213	0.2855053	8.338953
2388	-4446.395	-5450.393	1003.999	1.448974	2.310881	0.3092184	7.323644
2394	-4444.18	-5448.568	1004.389	1.442855	2.310881	0.3159484	7.1093
2400	-4459.862	-5463.898	1004.036	1.38724	2.077026	0.317723	7.395179
2406	-4431.711	-5432.91	1001.199	1.448081	2.121184	0.3150072	8.864193
2412	-4424.294	-5426.622	1002.328	1.429897	2.017492	0.2887075	8.338373
2418	-4443.872	-5446.66	1002.787	1.410649	2.406239	0.3258803	7.945993
2424	-4430.215	-5432.46	1002.245	1.370132	2.079581	0.3529451	8.319189
2430	-4428.209	-5426.606	998.3972	1.339257	1.921131	0.2460239	10.54882
2436	-4445.787	-5442.138	996.3506	1.259128	2.509617	0.2130862	11.54272
2442	-4444.619	-5445.036	1000.417	1.342453	3.277855	0.2497729	9.131909
2448	-4446.727	-5445.346	998.6184	1.334543	3.149455	0.2020565	10.18161
2454	-4475.622	-5474.276	998.654	1.301415	2.373771	0.2985419	10.23313
2460	-4462.259	-5461.812	999.5525	1.313314	2.373771	0.2498798	9.817316
2466	-4435.998	-5435.903	999.9049	1.388875	1.989869	0.4847116	9.445458
2472	-4415.552	-5415.754	1000.202	1.384227	1.800273	0.2826675	9.566211
2478	-4439.714	-5436.73	997.0159	1.356783	1.800273	0.2826675	11.25431
2484	-4442.875	-5441.636	998.7607	1.277562	2.418819	0.3038649	10.17103
2490	-4443.804	-5444.444	1000.639	1.297972	2.4341	0.2053733	9.300977
2496	-4449.097	-5445.282	996.1844	1.205053	2.15273	0.3572453	11.57178
2502	-4444.488	-5444.874	1000.386	1.366221	2.060628	0.2729155	9.408416
2508	-4452.555	-5451.372	998.8163	1.357769	1.746782	0.2729155	10.34045
2514	-4456.524	-5453.118	996.5939	1.298664	1.746782	0.2729155	11.53588
2520	-4441.08	-5440.593	999.5132	1.439743	1.746782	0.3046549	9.890888
2526	-4441.729	-5438.371	996.6422	1.369748	1.732264	0.3100541	11.43233
2532	-4455.022	-5453.046	998.0239	1.273795	1.625703	0.2828267	10.83025
2538	-4435.376	-5430.801	995.4255	1.403946	1.909214	0.2788029	12.03006
2544	-4433.5	-5431.53	998.0299	1.487726	1.983059	0.2788029	10.60058
2550	-4441.444	-5444.931	1003.486	1.43906	1.980157	0.3631055	7.639468
2556	-4437.684	-5442.292	1004.608	1.454449	1.79907	0.3495723	7.104054
2562	-4420.096	-5421.76	1001.664	1.347445	2.004503	0.274924	8.756749
2568	-4436.259	-5436.466	1000.207	1.271098	2.004503	0.274924	9.567557
2574	-4433.857	-5435.051	1001.194	1.444185	1.939178	0.3588363	8.874845
2580	-4431.727	-5433.24	1001.513	1.447089	1.862665	0.3813752	8.70424
2586	-4450.465	-5454.352	1003.887	1.480746	1.615111	0.3203845	7.576521
2592	-4432.716	-5436.886	1004.169	1.400185	1.650713	0.3487713	7.422527
2598	-4433.418	-5436.005	1002.587	1.517229	1.836568	0.3773616	8.108966
2604	-4420.972	-5423.476	1002.505	1.449131	1.836568	0.3758643	8.190929
2610	-4421.292	-5422.342	1001.05	1.341782	1.395773	0.3269908	9.236467
2616	-4417.461	-5415.99	998.5299	1.278752	1.613766	0.330216	10.50938
2622	-4414.397	-5417.035	1002.638	1.429676	1.367798	0.3102973	8.379616
2628	-4413.062	-5415.104	1002.042	1.458887	1.902142	0.3167955	8.476851
2634	-4427.744	-5432.678	1004.934	1.543472	1.748121	0.3497154	6.898605
2640	-4447.735	-5452.585	1004.85	1.471687	1.748121	0.3109624	7.027959
2646	-4431.35	-5435.368	1004.018	1.495385	2.0748	0.394104	7.261516
2652	-4450.727	-5452.816	1002.089	1.461808	1.553977	0.4026475	8.477984
2658	-4429.51	-5429.349	999.8392	1.316652	2.083978	0.2983379	9.683672
2664	-4427.541	-5427.444	999.9029	1.302769	1.576915	0.2773937	9.852581
2670	-4433.056	-5432.958	999.9025	1.322022	2.077412	0.3795751	9.556979
2676	-4414.938	-5417.09	1002.152	1.454475	1.944652	0.2882975	8.442095
2682	-4431.818	-5434.768	1002.95	1.487649	2.095	0.2882975	7.953045
2604	-4453.059	-5453.037	999.9784	1.526297	1.885963	0.340042	9.512059
2610	-4477.814	-5477.983	1000.169	1.316351	2.009959	0.3464818	9.476046
2616	-4415.324	-5416.326	1001.002	1.299945	2.009959	0.3464818	9.044091
2622	-4427.02	-5428.754	1001.734	1.348662	1.712222	0.3406271	8.735303
2628	-4422.355	-5423.804	1001.449	1.281454	2.312129	0.3406271	8.735303
2634	-4447.294	-5441.652	994.3578	1.377819	1.725494	0.2618614	12.68257
2640	-4430.208	-5428.274	998.0652	1.346181	1.474025	0.293891	10.81376
2646	-4426.8	-5422.95	996.1503	1.282463	1.732438	0.293891	11.75452
2652	-4465.732	-5462.466	996.7344	1.281452	1.732438	0.2780814	11.46973
2658	-4451.4	-5447.99	996.5902	1.335439	2.003979	0.2473095	11.46973
2664	-4463.864	-5466.817	1002.953	1.439999	2.290948	0.3737457	7.819908
2670	-4470.708	-5474.44	1003.732	1.475324	2.696505	0.2650211	7.407812
2676	-4449.72	-5452.731	1003.012	1.419292	2.118858	0.3796186	7.843269
2682	-4433.596	-5435.069	1001.474	1.352368	2.118858	0.3837213	8.693039
2688	-4438.159	-5439.619	1001.46	1.348031	2.118858	0.3930229	8.693039
2694	-4437.384	-5438.726	1001.342	1.311024	2.118858	0.3475383	8.824053
2700	-4432.498	-5433.766	1001.268	1.374589	2.118858	0.4330033	8.740766
2706	-4438.4	-5439.773	1001.373	1.383048	2.118858	0.3739065	8.740766
2712	-4450.867	-5453.616	1002.75	1.458611	2.089905	0.3254293	8.031467
2718	-4447.28	-5450.038	1002.757	1.450747	2.089905	0.3254293	8.031467
2724	-4473.082	-5476.678	1003.596	1.445321	2.136226	0.3590419	7.534024
2730	-4463.325	-5467.162	1003.837	1.442658	1.740674	0.3590419	7.534024
2736	-4463.585	-5466.786	1003.201	1.469847	1.740674	0.3590419	7.859822
2742	-4467.817	-5471.23	1003.413	1.464425	1.555833	0.3590419	7.816453
2748	-4437.508	-5440.639	1003.13	1.491988	1.637709	0.4635042	7.816453
2754	-4442.712	-5446.021	1003.31	1.408822	1.64465	0.4081666	7.816453
2760	-4460.503	-5462.642	1002.138	1.408822	1.76332	0.4081666	8.398494
2766	-4453.737	-5454.996	1001.26	1.416232	1.76332	0.4397449	8.829784
2772	-4463.046	-5465.666	1002.62	1.468706	1.635946	0.430899	8.133128
2778	-4453.616	-5457.659	1004.043	1.574815	1.871506	0.5587786	7.118212
2784	-4432.121	-5436.2	1004.08	1.530478	1.871506	0.5161578	7.158357
2790	-4433.243	-5437.609	1004.366	1.531188	1.871506	0.5161578	7.003858
2796	-4441.446	-5446.317	1004.872	1.608227	1.400112	0.5863379	6.806674
2802	-4438.324	-5443.693	1005.368	1.507757	1.570686	0.4114558	6.681705
2808	-4437.416	-5442.238	1004.822	1.504304	2.250201	0.3975029	6.768327
2814	-4436.701	-5441.843	1005.142	1.548977	2.250201	0.2895829	6.696321
2820	-4442.57	-5441.856	999.2858	1.341245	1.601722	0.2740715	10.15229
2826	-4445.543	-5441.304	995.7609	1.240532	1.386092	0.2659011	12.14434
2832	-4435.837	-5432.042	996.2054	1.2564	1.984261	0.2937995	11.65767
2838	-4417.514	-5416.059	998.5443	1.313243	1.984261	0.3025974	10.39201
2844	-4428.668	-5427.567	998.8992	1.398094	1.984261	0.2689265	10.20347
2850	-4426.022	-5425.916	999.8946	1.447653	1.803965	0.3329783	9.63287
2856	-4435.607	-5436.199	1000.592	1.277137	2.583161	0.2451148	9.239667
2862	-4416.35	-5412.328	995.9781	1.21618	2.199104	0.3663782	11.65063
2868	-4400.889	-5398.297	997.4084	1.292044	1.89569	0.3663782	10.9542
2874	-4407.017	-5406.08	999.0634	1.362498	1.69517	0.3869316	10.09403
2880	-4405.473	-5402.866	997.3928	1.334065	2.022372	0.3723497	10.89439
2886	-4416.439	-5413.622	997.1832	1.29182	1.709866	0.3510436	11.1509
2892	-4405.513	-5406.016	1000.503	1.417938	1.996161	0.4040485	9.188484
2898	-4427.104	-5427.897	1000.794	1.400016	1.996161	0.2974878	9.163545
2904	-4428.898	-5430.641	1001.742	1.495409	1.956383	0.2974878	8.622784
2910	-4445.248	-5449.135	1003.887	1.515267	2.239236	0.3343157	7.338359
2916	-4444.426	-5446.752	1002.326	1.528251	1.93353	0.3343157	8.258332
2922	-4409.927	-5411.179	1001.253	1.47156	1.93353	0.3343157	8.858344
2928	-4397.508	-5400.758	1003.251	1.556725	1.719305	0.3515654	7.802454
2934	-4424.983	-5427.244	1002.261	1.485523	1.719305	0.3962619	8.320029
2940	-4399.62	-5398.478	998.8585	1.351845	1.604652	0.3962619	10.23022
2946	-4417.067	-5415.661	998.5944	1.375029	1.78581	0.4614156	10.23022
2952	-4418.171	-5417.394	999.2231	1.440009	1.825464	0.4614156	9.851971
2958	-4420.233	-5418.919	998.6861	1.360098	1.825464	0.3896055	10.2465
2964	-4424.1	-5424.244	1000.145	1.414723	1.566623	0.304979	9.635422
2970	-4423.306	-5422.335	999.0286	1.352206	1.521744	0.4245262	10.14347
2976	-4424.938	-5422.927	997.9886	1.323297	1.521744	0.3408217	10.79219
2982	-4431.804	-5430.135	998.3309	1.296551	1.521744	0.3448268	10.62219
2988	-4426.663	-5424.469	997.8068	1.393732	1.406151	0.3448268	10.89144
2994	-4443.313	-5445.761	1002.448	1.495504	1.423836	0.3224814	8.408097
3000	-4416.055	-5418.318	1002.263	1.464643	1.809422	0.4512102	8.244728
3006	-4411.026	-5412.824	1001.798	1.391163	1.682093	0.3053341	8.730896
3012	-4423.873	-5423.785	999.9113	1.395751	1.843515	0.3053341	9.670923
3018	-4416.057	-5416.962	1000.905	1.457516	1.843515	0.3053341	9.113424
3024	-4415.591	-5418.993	1003.402	1.534293	2.08383	0.3754083	7.588257
3030	-4407.144	-5409.349	1002.205	1.471969	1.769159	0.3038245	8.443406
3036	-4425.963	-5429.745	1003.782	1.411866	2.117762	0.2605891	7.578465
3042	-4436.436	-5435.584	999.1486	1.329541	2.117762	0.2409117	10.10608
3048	-4415.38	-5417.284	1001.904	1.37207	2.117762	0.3517227	8.4891
3054	-4413.342	-5415.111	1001.768	1.51463	2.117762	0.2775568	8.57458
3060	-4408.324	-5408.253	999.9291	1.413063	1.972978	0.323993	9.588565
3066	-4431.683	-5437.24	1005.557	1.504601	1.972978	0.3882355	6.464891
3072	-4428.629	-5432.894	1004.265	1.58598	1.537419	0.4172168	7.240824
3078	-4438.09	-5440.607	1002.517	1.403598	2.092866	0.3603477	8.144124
3084	-4433.554	-5435.944	1002.39	1.429427	2.375898	0.3184447	8.165041
3090	-4437.564	-5438.08	1000.515	1.355699	2.08091	0.3184447	9.282804
3096	-4425.08	-5425.28	1000.2	1.369905	1.84476	0.2549598	9.596663
3102	-4428.735	-5429.809	1001.074	1.358285	2.039798	0.2906182	9.032392
3108	-4409.278	-5410.257	1000.979	1.367208	1.95234	0.2700668	9.131419
3114	-4418.999	-5419.945	1000.947	1.367208	1.830591	0.3153802	9.131419
3120	-4422.228	-5423.062	1000.834	1.347302	2.100263	0.3029903	9.131419
3126	-4418.927	-5422.602	1003.675	1.396729	2.136606	0.3222068	7.55979
3132	-4428.046	-5431.235	1003.189	1.441127	2.136606	0.3025681	7.820035
3138	-4429.534	-5434.681	1005.147	1.46619	2.136606	0.2638614	6.805833
3144	-4419.871	-5422.785	1002.914	1.381034	2.136606	0.3863911	7.903136
3150	-4416.482	-5419.829	1003.347	1.481418	1.783014	0.3863911	7.730998
3156	-4431.849	-5435.574	1003.725	1.470071	2.129109	0.4063949	7.403425
3162	-4416.66	-5418.507	1001.847	1.478458	2.293805	0.3566116	8.406359
3168	-4435.002	-5436.904	1001.901	1.419531	2.839189	0.2461114	8.406359
3174	-4430.646	-5433.264	1002.618	1.453476	1.896464	0.2705265	8.233658
3180	-4441.852	-5445.894	1004.042	1.4805	1.896464	0.3393897	7.373526
3186	-4451.461	-5455.369	1003.908	1.53933	1.991134	0.4087001	7.308081
3192	-4480.281	-5485.24	1004.959	1.529733	1.442306	0.4087001	6.944333
3198	-4422.331	-5426.638	1004.306	1.529733	1.931385	0.3797112	7.148693
3204	-4430.96	-5434.77	1003.81	1.492545	2.1372	0.3797112	7.370901
3210	-4445.609	-5449.219	1003.61	1.518915	1.728196	0.3360637	7.645067
3216	-4431.933	-5431.56	999.627	1.324358	1.728196	0.2987807	9.905301
3222	-4439.44	-5440.001	1000.561	1.384458	1.728196	0.3098772	9.367362
3228	-4450.091	-5448.234	998.1424	1.243246	1.728196	0.3167644	10.70644
3234	-4448.738	-5448.522	999.784	1.320927	1.728196	0.3503901	9.764152
3240	-4445.454	-5446.679	1001.225	1.381293	2.2848	0.2636404	8.903913
3246	-4435.368	-5437.132	1001.764	1.436904	2.2848	0.2235247	8.644807
3252	-4416.086	-5421.473	1005.387	1.553005	1.658868	0.4047096	6.620984
3258	-4441.511	-5447.183	1005.672	1.621984	1.556157	0.4047096	6.468263
3264	-4443.783	-5450.11	1006.328	1.616612	1.810832	0.4047096	6.021695
3270	-4458.023	-5463.989	1005.966	1.666249	1.445857	0.5161123	6.222613
3204	-4434.385	-5438.292	1003.907	1.553388	1.931385	0.498393	7.234666
3210	-4428.754	-5432.719	1003.965	1.447711	2.058367	0.4825288	7.234666
3216	-4417.018	-5421.102	1004.085	1.525243	2.058367	0.3192768	7.298682
3222	-4431.051	-5437.15	1006.098	1.583492	2.058367	0.3940713	6.094691
3228	-4441.59	-5449.425	1007.835	1.675894	2.025014	0.3940713	5.100847
3234	-4455.421	-5463.806	1008.384	1.766629	2.055263	0.3029474	4.842465
3240	-4436.177	-5444.035	1007.858	1.692216	1.400487	0.3029474	5.41583
3246	-4438.315	-5444.956	1006.641	1.636239	1.965884	0.4175306	5.774452
3252	-4422.96	-5428.668	1005.708	1.562157	1.36269	0.4175306	6.546615
3258	-4427.344	-5433.919	1006.575	1.617466	1.495427	0.4068167	6.001682
3264	-4423.291	-5429.442	1006.151	1.652439	1.495427	0.4068167	6.213481
3270	-4442.897	-5448.619	1005.722	1.549948	1.495427	0.4068167	6.501728
3276	-4437.012	-5440.818	1003.806	1.521674	1.550865	0.4341763	7.499717
3282	-4445.158	-5448.278	1003.121	1.445787	1.538352	0.4752035	7.872803
3288	-4429.576	-5433.765	1004.189	1.538853	1.538352	0.4752035	7.251152
3294	-4433.629	-5439.116	1005.487	1.501218	1.908724	0.3955995	6.51738
3300	-4402.201	-5405.602	1003.401	1.537965	1.707972	0.5157183	7.575101
3306	-4413.235	-5417.793	1004.558	1.510442	1.6457	0.5157183	6.991269
3312	-4434.189	-5438.674	1004.485	1.549196	1.6457	0.4213401	7.097603
3318	-4421.443	-5425.524	1004.081	1.536229	2.170279	0.4213401	7.149273
3324	-4404.324	-5408.471	1004.147	1.577836	1.556154	0.4213401	7.297597
3330	-4420.058	-5424.906	1004.848	1.532213	1.537111	0.4213401	6.952365
3336	-4412.388	-5416.98	1004.593	1.555163	1.537111	0.4213401	7.077463
3342	-4405.304	-5411.218	1005.914	1.672824	1.373885	0.4213401	6.366262
3348	-4387.466	-5393.14	1005.674	1.571985	1.373885	0.4213401	6.551014
3354	-4415.517	-5419.417	1003.901	1.473509	1.373885	0.4853545	7.497826
3360	-4452.086	-5456.23	1004.144	1.507447	1.373885	0.4820939	7.352252
3366	-4439.641	-5445.552	1005.911	1.644098	1.580045	0.4810918	6.242504
3372	-4428.062	-5433.495	1005.433	1.559796	1.816824	0.4810918	6.462011
3378	-4428.016	-5432.782	1004.766	1.563837	1.816824	0.4810918	6.820687
3384	-4453.456	-5456.675	1003.219	1.463847	1.816824	0.4810918	7.705138
3390	-4432.542	-5438.217	1005.675	1.622683	1.816824	0.397464	6.378574
3396	-4410.726	-5415.838	1005.112	1.671652	2.042091	0.4978206	6.486165
3402	-4428.665	-5433.384	1004.719	1.576657	1.909568	0.4978206	6.792831
3408	-4424.43	-5429.917	1005.487	1.705613	1.453557	0.6756016	6.331284
3414	-4428.759	-5433.578	1004.819	1.667959	1.567199	0.6033413	6.722606
3420	-4419.964	-5426.966	1007.002	1.66888	1.607144	0.4424972	5.659836
3426	-4442.774	-5450.111	1007.337	1.75691	1.888706	0.4424972	5.326115
3432	-4427.355	-5434.691	1007.336	1.809778	1.715709	0.4759214	5.326115
3438	-4414.525	-5421.848	1007.323	1.822491	1.715709	0.4759214	5.326115
3444	-4422.361	-5429.624	1007.263	1.673905	1.715709	0.4229643	5.492824
3450	-4441.027	-5447.884	1006.857	1.639662	1.464796	0.4750106	5.780283
3456	-4444.554	-5451.544	1006.99	1.6574	1.464796	0.4750106	5.69761
3462	-4428.593	-5435.138	1006.545	1.6574	1.57503	0.4531062	5.918494
3468	-4439.381	-5444.756	1005.374	1.73123	1.867713	0.4531062	6.409856
3474	-4438.996	-5445.354	1006.358	1.716531	1.677026	0.5854092	5.83304
3480	-4442.249	-5449.268	1007.018	1.715833	1.625945	0.5854092	5.490444
3486	-4457.577	-5463.336	1005.759	1.659707	1.625945	0.5854092	6.209806
3492	-4443.335	-5448.685	1005.351	1.653573	2.094828	0.5276283	6.324058
3498	-4418.756	-5423.692	1004.936	1.581157	2.094828	0.5276283	6.588023
3504	-4416.087	-5421.866	1005.779	1.561844	1.56431	0.4031131	6.441472
3510	-4445.485	-5452.141	1006.656	1.648255	2.032739	0.453017	5.7029
3516	-4436.902	-5443.321	1006.419	1.638229	1.802539	0.453017	5.914637
3522	-4433.661	-5439.233	1005.572	1.558511	1.802539	0.4458822	6.425395
3528	-4433.766	-5439.529	1005.763	1.574189	1.602827	0.4062089	6.425395
3534	-4414.679	-5421.266	1006.587	1.635816	1.602827	0.5089399	5.844716
3540	-4430.167	-5435.439	1005.272	1.632633	1.751957	0.5089399	6.507381
3546	-4431.165	-5436.426	1005.261	1.601379	1.751957	0.5351569	6.507381
3552	-4456.933	-5463.085	1006.152	1.642827	1.790859	0.5741655	5.954099
3558	-4438.44	-5443.325	1004.885	1.46187	1.790859	0.3883463	6.911556
3564	-4435.757	-5440.813	1005.057	1.462125	1.536925	0.3883463	6.911556
3570	-4451.981	-5456.047	1004.066	1.486843	1.861763	0.4260751	7.275984
3576	-4447.209	-5451.27	1004.061	1.526827	1.805551	0.4260751	7.275984
3582	-4426.812	-5430.793	1003.98	1.46193	2.094857	0.4113437	7.275984
3588	-4420.257	-5424.52	1004.262	1.398022	1.503951	0.3472648	7.431036
3594	-4454.74	-5459.812	1005.073	1.531046	1.503951	0.3682913	6.900512
3600	-4463.015	-5466.59	1003.575	1.427428	2.262167	0.314285	7.569864
3606	-4451.139	-5454.32	1003.181	1.427428	2.160161	0.3814204	7.73442
3612	-4483.26	-5481.197	997.9371	1.370265	2.203919	0.3389875	10.57298
3618	-4458.364	-5458.311	999.9469	1.393992	2.203919	0.2738491	9.581958
3624	-4447.478	-5448.235	1000.758	1.414601	1.972123	0.2738491	9.212454
3630	-4465.026	-5466.668	1001.642	1.373755	1.972123	0.3006184	8.731909
3636	-4451.747	-5452.732	1000.985	1.462061	1.607144	0.286811	9.174103
3642	-4418.17	-5419.006	1000.836	1.431195	1.607144	0.3686218	9.174103
3648	-4421.705	-5423.409	1001.704	1.443091	1.610973	0.333979	8.745369
3654	-4428.129	-5428.002	999.8729	1.409809	1.610973	0.3206226	9.746241
3660	-4455.919	-5455.471	999.552	1.42674	1.580174	0.3742638	9.857845
3666	-4436.002	-5436.355	1000.353	1.451717	2.022782	0.4481218	9.199048
3672	-4430.586	-5433.817	1003.231	1.568983	1.696944	0.5340662	7.637532
3678	-4424.885	-5429.658	1004.773	1.568983	1.962296	0.5465553	6.708333
3684	-4427.311	-5432.622	1005.311	1.566528	1.509362	0.5318166	6.592233
3690	-4426.85	-5432.936	1006.086	1.596974	1.756949	0.5318166	6.062697
3696	-4401.35	-5407.549	1006.2	1.659286	1.513833	0.5189486	6.069094
3702	-4430.899	-5437.056	1006.157	1.662897	1.513833	0.5189486	6.090398
3708	-4418.495	-5425.843	1007.348	1.748783	1.673883	0.4307148	5.412606
3714	-4417.057	-5424.535	1007.478	1.650608	1.673883	0.4137156	5.412606
3720	-4419.622	-5426.996	1007.373	1.756633	1.836576	0.4137156	5.353348
3726	-4412.11	-5418.949	1006.838	1.715559	1.868357	0.3808013	5.69425
3732	-4420.618	-5428.64	1008.022	1.812115	1.868357	0.4179099	4.947894
3738	-4421.464	-5427.506	1006.041	1.595909	1.829839	0.4179099	6.168708
3744	-4413.786	-5419.964	1006.178	1.573618	1.65473	0.4179099	6.168708
3750	-4418.98	-5422.719	1003.739	1.517994	1.853673	0.4179099	7.44532
3756	-4461.868	-5466.472	1004.604	1.524314	2.055279	0.4565645	6.874439
3762	-4438.174	-5440.535	1002.361	1.413591	2.055279	0.3043166	8.2985
3768	-4428.305	-5431.317	1003.012	1.409688	2.115557	0.3043166	7.935388
3774	-4438.067	-5442.855	1004.789	1.48889	1.749093	0.3043166	7.059607
3780	-4429.1	-5431.663	1002.564	1.415973	2.449926	0.3337407	8.041536
3786	-4436.042	-5435.591	999.5494	1.428996	1.595758	0.4680841	9.760023
3792	-4432.5	-5433.644	1001.144	1.408648	1.518235	0.4680841	8.957875
3798	-4443.639	-5443.357	999.7176	1.413509	1.766163	0.3891445	9.695754
3804	-4431.334	-5432.223	1000.889	1.413509	1.766163	0.3891445	9.077332
3810	-4460.016	-5457.841	997.8245	1.265041	1.614166	0.3891445	10.82241
3816	-4449.788	-5449.857	1000.069	1.332407	1.215794	0.4099314	9.747798
3822	-4437.595	-5440.831	1003.236	1.452549	1.215794	0.3804626	8.036522
3828	-4443.484	-5446.166	1002.682	1.486087	1.71809	0.4436762	8.048879
3834	-4453.309	-5453.966	1000.657	1.478973	1.71809	0.4436762	9.127752
3840	-4446.04	-5447.568	1001.527	1.410118	1.684879	0.3929246	8.765179
3846	-4432.917	-5437.153	1004.235	1.615287	1.553899	0.4178026	7.234167
3852	-4412.353	-5417.819	1005.465	1.617251	1.753433	0.492468	6.425103
3858	-4427.746	-5433.261	1005.515	1.608931	1.753433	0.4679062	6.425103
3864	-4419.5	-5425.29	1005.79	1.641294	1.328646	0.4679062	6.425103
3870	-4432.703	-5439.596	1006.892	1.745064	2.050861	0.4679062	5.499822
3876	-4423.845	-5431.164	1007.319	1.697919	2.050861	0.373799	5.387474
3804	-4535.866	-5541.79	1005.924	1.625887	1.863207	0.4083855	6.214578
3810	-4504.723	-5507.652	1002.929	1.394666	2.158492	0.3327803	7.940957
3816	-4447.688	-5449.091	1001.403	1.320422	1.674376	0.3327803	8.948218
3822	-4461.738	-5465.336	1003.599	1.489214	1.674376	0.3296271	7.693729
3828	-4500.632	-5503.415	1002.783	1.433534	2.117009	0.3469176	7.994033
3834	-4483.028	-5485.172	1002.144	1.449969	1.527143	0.3469176	8.524718
3840	-4469.793	-5476.598	1006.805	1.673132	1.999857	0.3195204	5.762853
3846	-4423.537	-5429.071	1005.535	1.57412	1.540583	0.3542004	6.629028
3852	-4426.26	-5430.358	1004.097	1.468105	1.57492	0.3542004	7.446697
3858	-4444.112	-5449.219	1005.107	1.486185	1.814244	0.4367141	6.721134
3864	-4470.109	-5475.412	1005.303	1.534083	1.814244	0.3809786	6.646505
3870	-4467.703	-5472.248	1004.545	1.541115	1.814244	0.387373	7.044842
3876	-4413.957	-5420.405	1006.448	1.618818	1.799865	0.4474468	5.915635
3882	-4456.412	-5462.59	1006.178	1.682985	1.799865	0.4416799	6.033621
3888	-4423.829	-5431.105	1007.276	1.696838	1.799865	0.4416799	5.424314
3894	-4430.831	-5438.036	1007.205	1.679687	1.987723	0.4652752	5.386261
3900	-4450.837	-5458.349	1007.512	1.792417	1.369786	0.4652752	5.386261
3906	-4437.417	-5446.367	1008.95	1.9187	1.659136	0.5152473	4.349303
3912	-4440.962	-5448.172	1007.21	1.845747	1.659136	0.5759139	5.308198
3918	-4452.149	-5459.554	1007.405	1.731743	1.659136	0.5240399	5.308198
3924	-4454.426	-5461.492	1007.066	1.735806	1.659136	0.5240399	5.492439
3930	-4473.184	-5480.393	1007.209	1.735806	1.617774	0.4502423	5.497823
3936	-4410.116	-5417.256	1007.14	1.768853	1.617774	0.4705984	5.497823
3942	-4395.115	-5402.383	1007.268	1.765684	1.617774	0.5320355	5.373219
3948	-4428.198	-5435.876	1007.678	1.765684	1.454379	0.5320355	5.211873
3954	-4419.092	-5426.337	1007.246	1.639374	1.454379	0.5320355	5.520044
3960	-4420.94	-5427.418	1006.478	1.639374	1.454379	0.459846	6.006286
3966	-4441.514	-5446.843	1005.329	1.560949	2.003782	0.4587498	6.477048
3972	-4439.518	-5445.241	1005.723	1.560949	1.413657	0.4587498	6.477048
3978	-4430.249	-5434.646	1004.397	1.46753	1.826109	0.3908364	7.156496
3984	-4420.023	-5423.906	1003.883	1.46753	1.826109	0.4644903	7.359779
3990	-4424.41	-5428.56	1004.15	1.439535	1.826109	0.4585784	7.236592
3996	-4428.244	-5432.202	1003.957	1.452047	1.826109	0.4362935	7.354756
4002	-4417.496	-5419.758	1002.262	1.393501	1.865359	0.4362935	8.27854
4008	-4396.681	-5398.746	1002.066	1.383324	1.621453	0.4193675	8.489944
4014	-4426.551	-5428.317	1001.767	1.345998	1.621453	0.4193675	8.668485
4020	-4432.256	-5437.199	1004.943	1.461237	1.671741	0.3633033	6.949798
4026	-4423.765	-5428.375	1004.61	1.523695	1.671741	0.511817	6.949798
4032	-4422.176	-5426.938	1004.762	1.553779	1.487784	0.375535	7.053806
4038	-4426.328	-5430.996	1004.668	1.570866	1.487784	0.4152829	7.053806
4044	-4433.295	-5435.308	1002.013	1.382175	1.487784	0.362732	8.628325
4050	-4431.542	-5434.837	1003.295	1.385323	1.973546	0.362732	7.772988
4056	-4440.062	-5444.899	1004.838	1.483671	1.973546	0.3302785	6.929428
4062	-4414.249	-5418.952	1004.704	1.483671	2.1552	0.351286	6.921415
4068	-4424.07	-5428.661	1004.591	1.522801	2.1552	0.4023817	6.905718
4074	-4435.623	-5441.945	1006.322	1.61889	2.1552	0.3900233	5.927778
4080	-4439.434	-5446.983	1007.549	1.736422	2.1552	0.4730413	5.104888
4086	-4407.387	-5415.324	1007.938	1.805434	1.443008	0.4730413	5.104888
4092	-4428.705	-5435.447	1006.743	1.736614	1.401831	0.4157848	5.874124
4098	-4443.448	-5451.096	1007.648	1.757242	1.401831	0.519696	5.266199
4104	-4444.174	-5452.255	1008.08	1.71463	1.877076	0.3795181	5.008135
4110	-4445.636	-5453.865	1008.229	1.828901	2.19539	0.3502951	4.792441
4116	-4430.407	-5438.747	1008.34	1.8148	1.94832	0.3502951	4.817051
4122	-4405.306	-5413.622	1008.316	1.730287	2.086283	0.3637847	4.817051
4128	-4410.761	-5418.23	1007.469	1.719341	1.809199	0.404337	5.340311
4134	-4408.152	-5415.619	1007.467	1.72165	1.809199	0.404337	5.340311
4140	-4438.37	-5446.616	1008.246	1.741737	2.015453	0.3855357	4.847833
4146	-4421.944	-5429.822	1007.878	1.787036	1.873286	0.4802149	4.978762
4152	-4433.333	-5440.464	1007.131	1.793719	1.923884	0.4802149	5.371358
4158	-4413.587	-5420.567	1006.98	1.680516	1.923884	0.341446	5.66169
4164	-4432.971	-5439.794	1006.823	1.587063	1.59805	0.3653904	5.887089
4170	-4416.106	-5422.243	1006.137	1.64774	2.016704	0.5707927	5.887089
4176	-4417.268	-5423.219	1005.951	1.654407	2.016704	0.5707927	5.98491
4182	-4420.676	-5427.193	1006.517	1.641575	1.508074	0.4311493	5.990331
4188	-4421.178	-5426.638	1005.461	1.566997	2.137078	0.3900674	6.430155
4194	-4405.242	-5411.472	1006.23	1.566997	2.012619	0.3900674	6.050288
4200	-4414.611	-5420.624	1006.012	1.599607	2.012619	0.3900674	6.151217
4206	-4414.089	-5419.955	1005.866	1.561104	1.842067	0.3900674	6.307698
4212	-4393.495	-5399.912	1006.417	1.608899	1.842067	0.3900674	5.981919
4218	-4437.862	-5444.509	1006.647	1.617466	1.842067	0.3900674	5.851427
4224	-4439.04	-5444.507	1005.467	1.642519	1.842067	0.3731556	6.49814
4230	-4432.371	-5438.07	1005.699	1.537063	1.510184	0.4238204	6.49814
4236	-4424.802	-5429.811	1005.009	1.488645	1.817687	0.3750945	6.835197
4242	-4432.727	-5437.592	1004.865	1.517383	1.822944	0.3313768	6.945007
4248	-4433.53	-5437.811	1004.281	1.526696	2.594274	0.2743423	7.098648
4254	-4405.152	-5409.508	1004.357	1.4512	2.594274	0.2743423	7.098648
4260	-4436.029	-5441.22	1005.191	1.42374	2.594274	0.3223639	6.602696
4266	-4419.936	-5423.845	1003.908	1.401861	2.594274	0.3128742	7.31695
4272	-4434.868	-5438.953	1004.085	1.526518	1.611617	0.4417901	7.31695
4278	-4420.976	-5425.947	1004.971	1.492811	1.611617	0.4152511	6.885021
4284	-4411.871	-5416.307	1004.436	1.529413	2.063839	0.4844041	6.933906
4290	-4421.714	-5425.81	1004.096	1.51718	2.140151	0.4844041	7.100415
4296	-4424.516	-5429.247	1004.73	1.415148	2.140151	0.3713241	6.926091
4302	-4428.691	-5433.342	1004.651	1.478597	2.169811	0.3713241	6.926091
4308	-4432.471	-5437.549	1005.078	1.562971	2.033619	0.4562395	6.604679
4314	-4431.977	-5437.481	1005.504	1.488056	1.888601	0.3221086	6.604679
4320	-4414.24	-5419.68	1005.44	1.571193	1.888601	0.450453	6.456818
4326	-4428.793	-5433.977	1005.183	1.602345	1.928332	0.450453	6.56571
4332	-4398.365	-5404.05	1005.685	1.602345	1.671879	0.4191076	6.413454
4338	-4414.239	-5421.014	1006.774	1.602345	2.246705	0.4687519	5.582776
4344	-4423.709	-5430.64	1006.931	1.697434	1.988532	0.4687519	5.524016
4350	-4413.498	-5421.304	1007.806	1.709382	1.596566	0.4687519	5.173492
4356	-4448.573	-5456.473	1007.9	1.709382	1.596566	0.4162154	5.173492
4362	-4413.126	-5421.084	1007.958	1.709382	1.852722	0.4162154	5.048067
4368	-4388.158	-5395.727	1007.569	1.709382	2.237903	0.4137637	5.142825
4374	-4391.002	-5398.553	1007.551	1.701324	2.285714	0.4137637	5.142825
4380	-4413.525	-5420.72	1007.195	1.692239	2.285714	0.4137637	5.344893
4386	-4453.12	-5460.45	1007.33	1.737341	1.526208	0.4137637	5.502991
4392	-4438.818	-5445.45	1006.633	1.77307	1.526208	0.5293862	5.756211
4398	-4439.457	-5446.418	1006.961	1.726775	2.125745	0.4088125	5.507936
4404	-4406.72	-5413.332	1006.612	1.698138	2.125745	0.4088125	5.714912
4410	-4435.4	-5441.452	1006.052	1.626536	2.125745	0.4088125	6.060167
4416	-4424.93	-5431.518	1006.587	1.619893	2.125745	0.4088125	5.771297
4422	-4427.528	-5434.148	1006.62	1.619893	2.125745	0.4088125	5.753353
4428	-4433.758	-5440.494	1006.736	1.628881	1.948756	0.4342889	5.715058
4434	-4419.821	-5426.369	1006.548	1.628881	1.948756	0.4342889	5.81812
4440	-4421.441	-5427.254	1005.813	1.572371	2.535596	0.2977231	6.230819
4446	-4419.161	-5425.118	1005.958	1.539681	2.535596	0.2977231	6.169818
4452	-4408.186	-5414.493	1006.308	1.539739	2.691183	0.2977231	5.938766
4458	-4411.904	-5418.026	1006.122	1.561321	2.691183	0.2977231	6.028047
4464	-4416.402	-5422.908	1006.507	1.601265	2.772653	0.4154922	5.64099
4470	-4412.873	-5420.527	1007.654	1.673006	2.189342	0.3494039	5.201488
4476	-4428.511	-5436.108	1007.597	1.702675	2.239461	0.3494039	5.201488
4482	-4437.006	-5444.728	1007.722	1.644464	2.576121	0.2481233	5.201488
4404	-4435.047	-5441.878	1006.831	1.715551	2.125745	0.4088125	5.585391
4410	-4424.67	-5431.444	1006.774	1.66427	2.296517	0.4418059	5.560697
4416	-4422.869	-5429.792	1006.923	1.676091	2.296517	0.3581761	5.560697
4422	-4420.06	-5426.935	1006.875	1.735074	1.996536	0.452344	5.547385
4428	-4423.827	-5431.841	1008.014	1.844888	1.852248	0.4760716	4.881986
4434	-4438.103	-5445.643	1007.54	1.701103	1.852248	0.3521162	5.354187
4440	-4434.57	-5442.304	1007.734	1.691073	1.529974	0.3521162	5.371929
4446	-4410.226	-5417.593	1007.367	1.624613	1.483985	0.472772	5.502908
4452	-4419.156	-5425.234	1006.078	1.612172	1.620452	0.472772	6.161675
4458	-4420.233	-5428.345	1008.112	1.713473	1.564357	0.4737342	5.009232
4464	-4422.315	-5430.049	1007.733	1.772939	1.564357	0.5312124	5.133682
4470	-4446.383	-5455.373	1008.99	1.772939	2.185953	0.4380613	4.303067
4476	-4433.676	-5442.82	1009.144	1.885325	2.185953	0.4484703	4.141021
4482	-4433.469	-5442.488	1009.019	1.862565	1.657582	0.4484703	4.406984
4488	-4418.632	-5427.646	1009.014	1.862565	1.450744	0.5400645	4.406984
4494	-4414.02	-5422.837	1008.817	1.816236	1.889646	0.5400645	4.376068
4500	-4420.295	-5427.873	1007.578	1.807861	1.428969	0.5241839	5.261678
4506	-4413.451	-5421.109	1007.658	1.762079	1.730821	0.5241839	5.124819
4512	-4416.554	-5423.622	1007.069	1.758605	1.512517	0.5859027	5.482868
4518	-4414.881	-5421.784	1006.903	1.705928	2.116034	0.4807653	5.482868
4524	-4420.899	-5427.543	1006.644	1.713671	1.501675	0.4807653	5.836071
4530	-4427.804	-5433.949	1006.145	1.712811	1.505674	0.5679399	6.031468
4536	-4412.561	-5418.729	1006.168	1.68934	1.505674	0.5679399	6.031468
4542	-4415.438	-5421.366	1005.927	1.643002	1.313912	0.5374693	6.2936
4548	-4416.13	-5422.302	1006.171	1.641035	1.448753	0.5374693	6.104617
4554	-4417.763	-5423.994	1006.231	1.592969	1.878161	0.3673111	6.104617
4560	-4415.05	-5421.16	1006.11	1.662837	1.878161	0.3929234	6.104617
4566	-4404.97	-5411.857	1006.888	1.662837	1.370948	0.5149467	5.753929
4572	-4398.345	-5404.864	1006.519	1.623068	1.77424	0.5149467	5.820856
4578	-4414.779	-5419.76	1004.981	1.532951	1.71296	0.5601704	6.688907
4584	-4425.648	-5430.439	1004.791	1.508665	2.030222	0.4669722	6.780073
4590	-4407.494	-5412.148	1004.654	1.502659	2.030222	0.4610288	6.862689
4596	-4397.076	-5403.262	1006.187	1.570358	2.030222	0.4610288	5.9951
4602	-4400.558	-5405.379	1004.821	1.525965	2.068334	0.4610288	6.748105
4608	-4413.411	-5418.642	1005.231	1.506487	1.485303	0.4431432	6.758541
4614	-4426.96	-5432.111	1005.151	1.488627	1.485303	0.3902521	6.865027
4620	-4444.996	-5450.414	1005.418	1.526698	2.284796	0.3380802	6.489608
4626	-4436.119	-5441.544	1005.424	1.530714	2.284796	0.3380802	6.483943
4632	-4439.033	-5444.553	1005.52	1.512668	2.03338	0.3675281	6.483943
4638	-4396.492	-5401.817	1005.325	1.550781	2.439788	0.337927	6.483943
4644	-4433.186	-5437.729	1004.542	1.447028	3.240716	0.295165	6.822091
4650	-4428.064	-5432.711	1004.648	1.447028	3.240716	0.295165	6.765241
4656	-4426.058	-5430.73	1004.672	1.478746	3.102218	0.295165	6.765241
4662	-4423.497	-5427.745	1004.248	1.389798	2.967207	0.295165	7.072595
4668	-4430.112	-5433.486	1003.374	1.396173	2.478006	0.2769795	7.68209
4674	-4406.22	-5409.332	1003.113	1.394544	2.585778	0.3715804	7.68209
4680	-4443.025	-5447.292	1004.267	1.495789	2.077226	0.4506727	7.070298
4686	-4416.492	-5421.648	1005.155	1.495789	1.390801	0.4160395	6.870708
4692	-4421.598	-5425.673	1004.075	1.49413	1.67824	0.4160395	7.340811
4698	-4427	-5432.534	1005.534	1.698449	1.67824	0.5200143	6.346143
4704	-4452.698	-5458.277	1005.579	1.625127	1.77577	0.4860496	6.356908
4710	-4449.189	-5455.896	1006.707	1.734844	1.77577	0.4145538	5.751576
4716	-4464.41	-5469.486	1005.076	1.65036	1.77577	0.4145538	6.684933
4722	-4455.748	-5461.59	1005.843	1.594982	1.77577	0.4145538	6.299299
4728	-4464.399	-5468.746	1004.347	1.594982	1.801707	0.3951311	7.118351
4734	-4430.143	-5436.614	1006.471	1.563422	2.102708	0.3838476	5.899221
4740	-4419.801	-5425.256	1005.455	1.530859	1.746892	0.3838476	6.586342
4746	-4428.528	-5433.967	1005.439	1.573753	1.846121	0.385727	6.535876
4752	-4408.44	-5414.498	1006.058	1.573753	1.846121	0.385727	6.199686
4758	-4420.968	-5426.969	1006.001	1.583364	1.846121	0.4468205	6.163148
4764	-4434.408	-5440.524	1006.116	1.679019	1.533458	0.4845461	6.127264
4770	-4429.082	-5434.396	1005.313	1.630871	1.93519	0.4845461	6.44552
4776	-4440.048	-5445.159	1005.111	1.589394	2.254022	0.4350721	6.526909
4782	-4445.203	-5449.447	1004.244	1.52023	1.943538	0.3059887	7.267904
4788	-4418.786	-5423.047	1004.261	1.532281	1.674727	0.262224	7.400631
4794	-4424.519	-5428.469	1003.95	1.564228	1.674727	0.4227096	7.364822
4800	-4430.904	-5435.001	1004.097	1.479377	1.803744	0.3485774	7.364822
4806	-4422.16	-5426.451	1004.292	1.489924	1.705523	0.3485774	7.288914
4812	-4441.401	-5445.668	1004.267	1.523992	1.705523	0.3485774	7.283872
4818	-4454.256	-5459.309	1005.054	1.61473	1.705523	0.3628008	6.795803
4824	-4439.756	-5442.971	1003.215	1.48474	1.859301	0.3140222	7.855806
4830	-4453.715	-5458.518	1004.804	1.541074	2.159075	0.3566582	6.829375
4836	-4437.945	-5442.968	1005.023	1.573081	1.740067	0.3566582	6.829375
4842	-4447.419	-5452.111	1004.692	1.594654	2.078592	0.4085187	6.829375
4848	-4463.56	-5469.213	1005.654	1.55301	2.078592	0.4085187	6.33156
4854	-4431.364	-5436.039	1004.675	1.509171	2.078592	0.3311321	6.969629
4860	-4437.142	-5441.408	1004.266	1.509171	2.078592	0.3311321	7.189424
4866	-4445.77	-5450.772	1005.002	1.509171	2.078592	0.4071091	6.709857
4872	-4425.689	-5432.17	1006.481	1.591617	2.078592	0.4071091	5.86149
4878	-4459.923	-5465.994	1006.071	1.608607	1.975275	0.3826534	6.134215
4884	-4455.446	-5462.949	1007.503	1.608952	1.975275	0.4908405	5.240988
4890	-4436.991	-5444.935	1007.944	1.779796	1.816997	0.4908405	4.955706
4896	-4455.034	-5463.563	1008.528	1.779796	1.692689	0.3426707	4.830658
4902	-4434.553	-5442.464	1007.91	1.761284	2.879905	0.3426707	4.830658
4908	-4414.045	-5422.241	1008.196	1.761284	1.797101	0.4173263	4.905097
4914	-4426.277	-5434.32	1008.043	1.773223	1.662025	0.4646217	4.985441
4920	-4433.22	-5440.638	1007.418	1.715245	1.662025	0.4646217	5.363525
4926	-4412.303	-5418.957	1006.653	1.731241	1.69699	0.4646217	5.761895
4932	-4416.283	-5423.85	1007.566	1.731241	1.62396	0.4322903	5.319008
4938	-4425.892	-5431.535	1005.643	1.520579	1.62396	0.4352504	6.48193
4944	-4417.281	-5423.346	1006.065	1.610176	1.726815	0.4352504	6.166797
4950	-4442.52	-5447.505	1004.984	1.496059	1.726815	0.4491937	6.800469
4956	-4450.247	-5455.399	1005.152	1.496059	2.416505	0.288775	6.673735
4962	-4448.066	-5454.5	1006.434	1.549113	3.069674	0.288775	5.785102
4968	-4448.253	-5455.987	1007.734	1.627963	3.179265	0.288775	5.000073
4974	-4425.636	-5433.753	1008.117	1.703045	2.559326	0.2982669	4.885563
4980	-4431.873	-5439.118	1007.245	1.703045	2.559326	0.3186588	5.342813
4986	-4435.997	-5442.569	1006.572	1.582167	2.484718	0.3186588	5.798792
4992	-4446.316	-5452.598	1006.282	1.596013	1.971847	0.3186588	6.100814
4998	-4430.523	-5437.971	1007.448	1.69955	1.869829	0.3792528	5.369029
5004	-4431.43	-5438.468	1007.038	1.69955	1.901499	0.3975192	5.564482
5010	-4435	-5442.266	1007.267	1.694558	1.901499	0.3975192	5.441216
5016	-4438.601	-5446.04	1007.439	1.75905	1.348113	0.4787585	5.441216
5022	-4398.158	-5405.859	1007.7	1.71483	1.348113	0.4787585	5.321627
5028	-4432.369	-5437.676	1005.307	1.658971	1.716356	0.5924727	6.416435
5034	-4410.526	-5415.83	1005.303	1.581915	1.716356	0.5154194	6.524597
5040	-4403.897	-5409.296	1005.399	1.540863	1.716356	0.5154194	6.494932
5046	-4423.65	-5428.327	1004.678	1.602012	1.812109	0.4080793	6.919846
5052	-4424.439	-5428.719	1004.279	1.579483	2.140546	0.4927675	6.960387
5058	-4448.962	-5454.337	1005.375	1.624339	2.140546	0.3300923	6.511803
5064	-4429.741	-5435.04	1005.3	1.529563	1.763767	0.4211367	6.626548
5070	-4433.555	-5438.802	1005.247	1.529563	2.121241	0.4136432	6.546455
5076	-4459.01	-5464.21	1005.2	1.576036	2.121241	0.4136432	6.546455
5082	-4475.607	-5482.088	1006.482	1.612077	2.077021	0.2791156	6.000321
5004	-4436.129	-5443.566	1007.437	1.69955	1.917235	0.3702315	5.369029
5010	-4420.69	-5428.027	1007.337	1.7203	2.071257	0.3647799	5.369029
5016	-4419.478	-5426.86	1007.382	1.732519	2.071257	0.3647799	5.337555
5022	-4439.834	-5446.582	1006.748	1.649934	2.383874	0.3647799	5.639169
5028	-4420.186	-5424.747	1004.561	1.649934	2.007265	0.3839144	6.918264
5034	-4444.284	-5447.721	1003.437	1.554972	2.309614	0.293764	7.587421
5040	-4457.754	-5461.408	1003.655	1.422166	2.069039	0.293764	7.612563
5046	-4441.81	-5445.27	1003.46	1.496769	1.733707	0.293764	7.786141
5052	-4448.821	-5448.426	999.6043	1.378684	1.733707	0.293764	9.892927
5058	-4438.758	-5441.614	1002.856	1.422725	2.246381	0.279676	8.004413
5064	-4432.333	-5435.269	1002.936	1.520072	2.246381	0.3467735	7.828673
5070	-4437.541	-5440.335	1002.794	1.443698	2.100743	0.2777899	8.071283
5076	-4427.667	-5428.28	1000.613	1.398781	2.084093	0.388759	9.129494
5082	-4420.912	-5421.77	1000.858	1.408049	2.084093	0.3560651	9.029823
5088	-4428.038	-5430.732	1002.694	1.402324	1.803029	0.3088002	8.202595
5094	-4427.968	-5428.535	1000.567	1.325162	2.342579	0.268173	9.25947
5100	-4414.332	-5413.549	999.217	1.455824	1.614325	0.2767347	10.12015
5106	-4404.425	-5404.527	1000.102	1.492909	1.917548	0.5981407	9.215066
5112	-4413.09	-5412.9	999.8095	1.440226	2.177804	0.4045399	9.488331
5118	-4419.269	-5418.257	998.9879	1.333769	2.177804	0.4364311	9.946214
5124	-4413.773	-5413.877	1000.105	1.286586	2.177804	0.3225468	9.502738
5130	-4423.612	-5424.368	1000.757	1.369398	1.800777	0.3225468	9.232224
5136	-4417.475	-5420.229	1002.754	1.350306	1.800777	0.3371296	8.165721
5142	-4430.629	-5433.586	1002.957	1.46076	1.760676	0.3371296	8.012474
5148	-4434.23	-5436.712	1002.481	1.365021	1.582848	0.4276862	8.284749
5154	-4415.138	-5416.006	1000.868	1.305593	2.052	0.4276862	9.014524
5160	-4429.925	-5429.473	999.5474	1.305593	2.031623	0.3186379	9.834643
5166	-4440.436	-5445.301	1004.865	1.519732	2.369217	0.3186379	6.791903
5172	-4427.389	-5433.052	1005.662	1.532512	2.168729	0.3112974	6.419963
5178	-4412.23	-5418.332	1006.102	1.596119	1.600761	0.3314164	6.313186
5184	-4409.759	-5414.531	1004.772	1.478305	2.217204	0.3737184	6.84437
5190	-4424.607	-5430.829	1006.222	1.658341	2.217204	0.4838203	5.849075
5196	-4430.513	-5436.969	1006.456	1.658341	2.217204	0.4603087	5.743531
5202	-4434.964	-5441.426	1006.462	1.637627	1.508173	0.4603087	5.993782
5208	-4426.496	-5431.82	1005.325	1.586682	1.508173	0.4424511	6.656081
5214	-4439.481	-5445.499	1006.018	1.585493	2.134103	0.3615463	6.149277
5220	-4426.79	-5432.766	1005.976	1.591493	2.20029	0.3615463	6.149277
5226	-4441.887	-5448.343	1006.456	1.585334	2.20029	0.3615463	5.890705
5232	-4414.604	-5421.114	1006.51	1.613199	1.94646	0.3930381	5.890705
5238	-4420.231	-5425.998	1005.767	1.630939	1.94646	0.4379809	6.239857
5244	-4451.668	-5456.903	1005.235	1.564675	1.94646	0.4370198	6.565276
5250	-4405.862	-5411.097	1005.235	1.564675	1.94646	0.4370198	6.565276
5256	-4402.463	-5407.698	1005.235	1.564421	1.94646	0.4370198	6.565276
5262	-4421.285	-5427.284	1005.999	1.564421	1.98676	0.4370198	6.137748
5268	-4403.257	-5408.104	1004.847	1.564421	1.659204	0.3821215	6.930073
5274	-4411.42	-5417.82	1006.4	1.574121	1.628229	0.3943128	6.081831
5280	-4422.22	-5428.292	1006.072	1.574121	1.942795	0.3131627	6.243275
5286	-4400.451	-5406.315	1005.864	1.634483	1.942795	0.4599018	6.165093
5292	-4407.761	-5415.053	1007.292	1.622454	2.450687	0.3237177	5.384292
5298	-4407.676	-5414.866	1007.191	1.558199	2.450687	0.3488474	5.445772
5304	-4411.342	-5416.615	1005.273	1.58632	2.391551	0.3488474	6.493303
5310	-4440.36	-5446.185	1005.824	1.561853	2.391551	0.3674742	6.186355
5316	-4428.449	-5434.017	1005.568	1.549811	2.391551	0.3189102	6.388426
5322	-4433.273	-5438.75	1005.477	1.533784	2.391551	0.4040418	6.351015
5328	-4425.93	-5431.669	1005.739	1.524081	2.073923	0.3630863	6.351015
5334	-4441.119	-5447.572	1006.453	1.524081	2.173653	0.4139461	5.877456
5340	-4429.693	-5434.873	1005.181	1.521232	2.421456	0.2981349	6.63142
5346	-4450.013	-5454.624	1004.611	1.518255	2.421456	0.4197924	6.803597
5352	-4421.289	-5425.708	1004.419	1.553634	1.643772	0.3767644	7.177665
5358	-4415.185	-5419.235	1004.05	1.591555	1.74299	0.4484102	7.247235
5364	-4436.637	-5440.131	1003.494	1.575107	1.74299	0.4484102	7.553861
5370	-4407.819	-5412.448	1004.63	1.564352	2.043481	0.4084763	6.890272
5376	-4411.588	-5416.217	1004.63	1.564352	2.043481	0.4084763	6.890272
5382	-4429.717	-5434.73	1005.013	1.534727	2.043481	0.3515665	6.76081
5388	-4432.169	-5437.729	1005.56	1.491538	1.788616	0.3056354	6.626506
5394	-4449.628	-5455.253	1005.626	1.637684	2.151455	0.4590732	6.228485
5400	-4455.523	-5462.304	1006.781	1.528717	2.673945	0.2809855	5.712186
5406	-4454.099	-5459.375	1005.277	1.539616	2.422299	0.2809855	6.591421
5412	-4467.474	-5472.75	1005.277	1.539616	2.422299	0.2809855	6.591421
5418	-4443.887	-5450.062	1006.175	1.596344	2.422299	0.3670228	5.96842
5424	-4440.252	-5446.543	1006.291	1.508494	2.640705	0.3051478	5.96842
5430	-4441.694	-5447.961	1006.267	1.682692	2.164932	0.3465788	5.96842
5436	-4432.345	-5438.747	1006.402	1.682692	1.97051	0.4952928	5.803554
5442	-4420.773	-5428.398	1007.625	1.682692	1.512351	0.4952928	5.296505
5448	-4435.416	-5439.28	1003.864	1.513242	2.374853	0.442286	7.199349
5454	-4420.922	-5424.823	1003.901	1.463716	2.374853	0.3370892	7.317042
5460	-4420.226	-5424.781	1004.555	1.503828	2.374853	0.3320112	6.949867
5466	-4436.928	-5442.695	1005.767	1.503828	2.374853	0.3320112	6.294361
5472	-4455.758	-5461.827	1006.069	1.522146	1.811371	0.3320112	6.294361
5478	-4479.096	-5485.155	1006.059	1.605487	2.084107	0.3120667	6.189932
5484	-4444.027	-5448.076	1004.049	1.530993	1.812616	0.400297	7.303956
5490	-4452.291	-5457.395	1005.103	1.523751	2.694332	0.4133005	6.469895
5496	-4446.517	-5449.667	1003.15	1.411965	1.514544	0.4717003	7.887462
5502	-4459.585	-5462.303	1002.718	1.462528	2.024819	0.4557664	7.929211
5508	-4454.717	-5457.652	1002.935	1.41365	2.024819	0.4189972	7.87535
5514	-4435.057	-5437.134	1002.077	1.389041	1.872627	0.4228663	8.390205
5520	-4435.652	-5439.164	1003.512	1.469799	1.872627	0.4228663	7.581629
5526	-4434.999	-5438.647	1003.648	1.48881	1.912022	0.4537666	7.455901
5532	-4439.328	-5442.277	1002.949	1.48881	1.912022	0.3934249	7.88942
5538	-4440.354	-5444.318	1003.965	1.51772	1.874484	0.3934249	7.342766
5544	-4455.803	-5459.686	1003.883	1.513488	1.874484	0.3934249	7.388751
5550	-4434.343	-5438.523	1004.18	1.464585	1.504998	0.3934249	7.388751
5556	-4427.9	-5431.958	1004.058	1.464585	1.612909	0.4168728	7.388751
5562	-4415.049	-5418.892	1003.843	1.464585	1.946485	0.4168728	7.388751
5568	-4417.435	-5422.146	1004.712	1.537358	1.981981	0.4144172	6.87395
5574	-4399.568	-5402.309	1002.741	1.426212	1.981981	0.4144172	7.990022
5580	-4405.622	-5408.373	1002.751	1.488579	1.981981	0.4629087	7.904339
5586	-4417.851	-5419.616	1001.765	1.475658	1.923933	0.4388554	8.477475
5592	-4388.252	-5390.43	1002.178	1.457506	1.923933	0.4388554	8.267513
5598	-4393.108	-5396.729	1003.621	1.527385	1.472152	0.3550782	7.708796
5604	-4409.765	-5413.207	1003.441	1.545153	1.472152	0.4385778	7.708796
5610	-4428.857	-5431.581	1002.723	1.489289	1.462616	0.4385778	8.125609
5616	-4469.671	-5472.219	1002.548	1.483206	1.462616	0.5879289	8.092354
5622	-4441.984	-5445.904	1003.92	1.553846	1.462616	0.3794043	7.511896
5628	-4420.463	-5423.995	1003.532	1.529652	1.828065	0.3890913	7.588276
5634	-4418.888	-5423.807	1004.919	1.507616	1.828065	0.3384886	6.911157
5640	-4440.025	-5444.67	1004.645	1.508193	2.117258	0.3878227	6.911157
5646	-4430.468	-5436.546	1006.078	1.662844	2.153382	0.3209335	6.116385
5652	-4431.69	-5439.086	1007.396	1.645826	1.703343	0.3209335	5.553573
5658	-4450.18	-5457.931	1007.751	1.815625	1.607615	0.4682276	5.141138
5664	-4424.424	-5433.2	1008.776	1.862075	1.932242	0.4682276	4.425331
5670	-4427.4	-5435.743	1008.343	1.862075	1.932242	0.4682276	4.668985
5676	-4422.659	-5431.019	1008.36	1.844398	1.932242	0.4682276	4.668985
5682	-4437.045	-5445.4	1008.355	1.902072	1.932242	0.5431853	4.570521
5688	-4433.688	-5442.285	1008.598	1.948721	1.932242	0.5431853	4.407746
